<?xml version="1.0" encoding="utf-8"?>
<CoverageSession xmlns:xsd="http://www.w3.org/2001/XMLSchema" xmlns:xsi="http://www.w3.org/2001/XMLSchema-instance" Version="4.6.0.0">
  <Summary numSequencePoints="346" visitedSequencePoints="346" numBranchPoints="106" visitedBranchPoints="106" sequenceCoverage="100" branchCoverage="100" maxCyclomaticComplexity="5" minCyclomaticComplexity="1" maxCrapScore="5" minCrapScore="1" visitedClasses="23" numClasses="23" visitedMethods="88" numMethods="88" />
  <Modules>
    <Module hash="52-4F-E2-29-B2-1A-4D-E8-F3-4B-8F-E0-29-5E-2A-C1-CC-F0-DB-E8">
      <Summary numSequencePoints="147" visitedSequencePoints="147" numBranchPoints="30" visitedBranchPoints="30" sequenceCoverage="100" branchCoverage="100" maxCyclomaticComplexity="1" minCyclomaticComplexity="1" maxCrapScore="2" minCrapScore="1" visitedClasses="3" numClasses="3" visitedMethods="30" numMethods="30" />
      <ModulePath>C:\Users\Caroline Antonello\Desktop\Academia Programador\Projetos\Reforço\ControleDeSalas\ControleDeSalas.Application.Test\bin\Debug\ControleDeSalas.Application.Test.dll</ModulePath>
      <ModuleTime>2018-05-27T22:15:56.3926821Z</ModuleTime>
      <ModuleName>ControleDeSalas.Application.Test</ModuleName>
      <Files>
        <File uid="1" fullPath="C:\Users\Caroline Antonello\Desktop\Academia Programador\Projetos\Reforço\ControleDeSalas\ControleDeSalas.Application.Test\Features\SalasReservadas\SalaReservadaTests.cs" />
        <File uid="2" fullPath="C:\Users\Caroline Antonello\Desktop\Academia Programador\Projetos\Reforço\ControleDeSalas\ControleDeSalas.Application.Test\Features\Salas\SalaServiceTests.cs" />
        <File uid="3" fullPath="C:\Users\Caroline Antonello\Desktop\Academia Programador\Projetos\Reforço\ControleDeSalas\ControleDeSalas.Application.Test\Features\Funcionarios\FuncionarioServiceTests.cs" />
      </Files>
      <Classes>
        <Class>
          <Summary numSequencePoints="49" visitedSequencePoints="49" numBranchPoints="10" visitedBranchPoints="10" sequenceCoverage="100" branchCoverage="100" maxCyclomaticComplexity="1" minCyclomaticComplexity="1" maxCrapScore="2" minCrapScore="1" visitedClasses="1" numClasses="1" visitedMethods="10" numMethods="10" />
          <FullName>ControleDeSalaReservadas.Application.Test.Features.SalaReservadasReservadas.SalaReservadaReservadaTests</FullName>
          <Methods>
            <Method visited="true" cyclomaticComplexity="1" nPathComplexity="0" sequenceCoverage="100" branchCoverage="100" crapScore="1" isConstructor="false" isStatic="false" isGetter="false" isSetter="false">
              <Summary numSequencePoints="4" visitedSequencePoints="4" numBranchPoints="1" visitedBranchPoints="1" sequenceCoverage="100" branchCoverage="100" maxCyclomaticComplexity="1" minCyclomaticComplexity="1" maxCrapScore="1" minCrapScore="1" visitedClasses="0" numClasses="0" visitedMethods="1" numMethods="1" />
              <MetadataToken>100663297</MetadataToken>
              <Name>System.Void ControleDeSalaReservadas.Application.Test.Features.SalaReservadasReservadas.SalaReservadaReservadaTests::Initialize()</Name>
              <FileRef uid="1" />
              <SequencePoints>
                <SequencePoint vc="7" uspid="1" ordinal="0" offset="0" sl="22" sc="9" el="22" ec="10" bec="0" bev="0" fileid="1" />
                <SequencePoint vc="7" uspid="2" ordinal="1" offset="1" sl="23" sc="13" el="23" ec="64" bec="0" bev="0" fileid="1" />
                <SequencePoint vc="7" uspid="3" ordinal="2" offset="12" sl="24" sc="13" el="24" ec="69" bec="0" bev="0" fileid="1" />
                <SequencePoint vc="7" uspid="4" ordinal="3" offset="34" sl="25" sc="9" el="25" ec="10" bec="0" bev="0" fileid="1" />
              </SequencePoints>
              <BranchPoints />
              <MethodPoint xsi:type="SequencePoint" vc="7" uspid="1" ordinal="0" offset="0" sl="22" sc="9" el="22" ec="10" bec="0" bev="0" fileid="1" />
            </Method>
            <Method visited="true" cyclomaticComplexity="1" nPathComplexity="0" sequenceCoverage="100" branchCoverage="100" crapScore="1" isConstructor="false" isStatic="false" isGetter="false" isSetter="false">
              <Summary numSequencePoints="6" visitedSequencePoints="6" numBranchPoints="1" visitedBranchPoints="1" sequenceCoverage="100" branchCoverage="100" maxCyclomaticComplexity="1" minCyclomaticComplexity="1" maxCrapScore="1" minCrapScore="1" visitedClasses="0" numClasses="0" visitedMethods="1" numMethods="1" />
              <MetadataToken>100663298</MetadataToken>
              <Name>System.Void ControleDeSalaReservadas.Application.Test.Features.SalaReservadasReservadas.SalaReservadaReservadaTests::Service_SalaReservada_Deveria_Adicionar_SalaReservada_Corretamente()</Name>
              <FileRef uid="1" />
              <SequencePoints>
                <SequencePoint vc="1" uspid="5" ordinal="0" offset="0" sl="29" sc="9" el="29" ec="10" bec="0" bev="0" fileid="1">
                  <TrackedMethodRefs>
                    <TrackedMethodRef uid="1" vc="1" />
                  </TrackedMethodRefs>
                </SequencePoint>
                <SequencePoint vc="1" uspid="6" ordinal="1" offset="1" sl="30" sc="13" el="30" ec="62" bec="0" bev="0" fileid="1">
                  <TrackedMethodRefs>
                    <TrackedMethodRef uid="1" vc="1" />
                  </TrackedMethodRefs>
                </SequencePoint>
                <SequencePoint vc="1" uspid="7" ordinal="2" offset="12" sl="31" sc="13" el="40" ec="20" bec="0" bev="0" fileid="1">
                  <TrackedMethodRefs>
                    <TrackedMethodRef uid="1" vc="1" />
                  </TrackedMethodRefs>
                </SequencePoint>
                <SequencePoint vc="1" uspid="8" ordinal="3" offset="206" sl="41" sc="13" el="41" ec="48" bec="0" bev="0" fileid="1">
                  <TrackedMethodRefs>
                    <TrackedMethodRef uid="1" vc="1" />
                  </TrackedMethodRefs>
                </SequencePoint>
                <SequencePoint vc="1" uspid="9" ordinal="4" offset="224" sl="42" sc="13" el="42" ec="66" bec="0" bev="0" fileid="1">
                  <TrackedMethodRefs>
                    <TrackedMethodRef uid="1" vc="1" />
                  </TrackedMethodRefs>
                </SequencePoint>
                <SequencePoint vc="1" uspid="10" ordinal="5" offset="338" sl="43" sc="9" el="43" ec="10" bec="0" bev="0" fileid="1">
                  <TrackedMethodRefs>
                    <TrackedMethodRef uid="1" vc="1" />
                  </TrackedMethodRefs>
                </SequencePoint>
              </SequencePoints>
              <BranchPoints />
              <MethodPoint xsi:type="SequencePoint" vc="1" uspid="5" ordinal="0" offset="0" sl="29" sc="9" el="29" ec="10" bec="0" bev="0" fileid="1">
                <TrackedMethodRefs>
                  <TrackedMethodRef uid="1" vc="1" />
                </TrackedMethodRefs>
              </MethodPoint>
            </Method>
            <Method visited="true" cyclomaticComplexity="1" nPathComplexity="0" sequenceCoverage="100" branchCoverage="100" crapScore="1" isConstructor="false" isStatic="false" isGetter="false" isSetter="false">
              <Summary numSequencePoints="6" visitedSequencePoints="6" numBranchPoints="1" visitedBranchPoints="1" sequenceCoverage="100" branchCoverage="100" maxCyclomaticComplexity="1" minCyclomaticComplexity="1" maxCrapScore="1" minCrapScore="1" visitedClasses="0" numClasses="0" visitedMethods="1" numMethods="1" />
              <MetadataToken>100663299</MetadataToken>
              <Name>System.Void ControleDeSalaReservadas.Application.Test.Features.SalaReservadasReservadas.SalaReservadaReservadaTests::Service_SalaReservada_Nao_Deveria_Adicionar_SalaReservada_Com_Data_Menor_Que_Atual()</Name>
              <FileRef uid="1" />
              <SequencePoints>
                <SequencePoint vc="1" uspid="11" ordinal="0" offset="0" sl="47" sc="9" el="47" ec="10" bec="0" bev="0" fileid="1">
                  <TrackedMethodRefs>
                    <TrackedMethodRef uid="2" vc="1" />
                  </TrackedMethodRefs>
                </SequencePoint>
                <SequencePoint vc="1" uspid="12" ordinal="1" offset="1" sl="48" sc="13" el="48" ec="79" bec="0" bev="0" fileid="1">
                  <TrackedMethodRefs>
                    <TrackedMethodRef uid="2" vc="1" />
                  </TrackedMethodRefs>
                </SequencePoint>
                <SequencePoint vc="1" uspid="13" ordinal="2" offset="12" sl="49" sc="13" el="49" ec="70" bec="0" bev="0" fileid="1">
                  <TrackedMethodRefs>
                    <TrackedMethodRef uid="2" vc="1" />
                  </TrackedMethodRefs>
                </SequencePoint>
                <SequencePoint vc="1" uspid="14" ordinal="3" offset="25" sl="50" sc="13" el="50" ec="63" bec="0" bev="0" fileid="1">
                  <TrackedMethodRefs>
                    <TrackedMethodRef uid="2" vc="1" />
                  </TrackedMethodRefs>
                </SequencePoint>
                <SequencePoint vc="1" uspid="15" ordinal="4" offset="47" sl="51" sc="13" el="51" ec="46" bec="0" bev="0" fileid="1">
                  <TrackedMethodRefs>
                    <TrackedMethodRef uid="2" vc="1" />
                  </TrackedMethodRefs>
                </SequencePoint>
                <SequencePoint vc="1" uspid="16" ordinal="5" offset="59" sl="52" sc="9" el="52" ec="10" bec="0" bev="0" fileid="1">
                  <TrackedMethodRefs>
                    <TrackedMethodRef uid="2" vc="1" />
                  </TrackedMethodRefs>
                </SequencePoint>
              </SequencePoints>
              <BranchPoints />
              <MethodPoint xsi:type="SequencePoint" vc="1" uspid="11" ordinal="0" offset="0" sl="47" sc="9" el="47" ec="10" bec="0" bev="0" fileid="1">
                <TrackedMethodRefs>
                  <TrackedMethodRef uid="2" vc="1" />
                </TrackedMethodRefs>
              </MethodPoint>
            </Method>
            <Method visited="true" cyclomaticComplexity="1" nPathComplexity="0" sequenceCoverage="100" branchCoverage="100" crapScore="1" isConstructor="false" isStatic="false" isGetter="false" isSetter="false">
              <Summary numSequencePoints="6" visitedSequencePoints="6" numBranchPoints="1" visitedBranchPoints="1" sequenceCoverage="100" branchCoverage="100" maxCyclomaticComplexity="1" minCyclomaticComplexity="1" maxCrapScore="1" minCrapScore="1" visitedClasses="0" numClasses="0" visitedMethods="1" numMethods="1" />
              <MetadataToken>100663300</MetadataToken>
              <Name>System.Void ControleDeSalaReservadas.Application.Test.Features.SalaReservadasReservadas.SalaReservadaReservadaTests::Service_SalaReservada_Deveria_Editar_SalaReservada_Corretamente()</Name>
              <FileRef uid="1" />
              <SequencePoints>
                <SequencePoint vc="1" uspid="17" ordinal="0" offset="0" sl="56" sc="9" el="56" ec="10" bec="0" bev="0" fileid="1">
                  <TrackedMethodRefs>
                    <TrackedMethodRef uid="3" vc="1" />
                  </TrackedMethodRefs>
                </SequencePoint>
                <SequencePoint vc="1" uspid="18" ordinal="1" offset="1" sl="57" sc="13" el="57" ec="67" bec="0" bev="0" fileid="1">
                  <TrackedMethodRefs>
                    <TrackedMethodRef uid="3" vc="1" />
                  </TrackedMethodRefs>
                </SequencePoint>
                <SequencePoint vc="1" uspid="19" ordinal="2" offset="12" sl="58" sc="13" el="59" ec="66" bec="0" bev="0" fileid="1">
                  <TrackedMethodRefs>
                    <TrackedMethodRef uid="3" vc="1" />
                  </TrackedMethodRefs>
                </SequencePoint>
                <SequencePoint vc="1" uspid="20" ordinal="3" offset="121" sl="60" sc="13" el="60" ec="45" bec="0" bev="0" fileid="1">
                  <TrackedMethodRefs>
                    <TrackedMethodRef uid="3" vc="1" />
                  </TrackedMethodRefs>
                </SequencePoint>
                <SequencePoint vc="1" uspid="21" ordinal="4" offset="139" sl="61" sc="13" el="61" ec="63" bec="0" bev="0" fileid="1">
                  <TrackedMethodRefs>
                    <TrackedMethodRef uid="3" vc="1" />
                  </TrackedMethodRefs>
                </SequencePoint>
                <SequencePoint vc="1" uspid="22" ordinal="5" offset="253" sl="62" sc="9" el="62" ec="10" bec="0" bev="0" fileid="1">
                  <TrackedMethodRefs>
                    <TrackedMethodRef uid="3" vc="1" />
                  </TrackedMethodRefs>
                </SequencePoint>
              </SequencePoints>
              <BranchPoints />
              <MethodPoint xsi:type="SequencePoint" vc="1" uspid="17" ordinal="0" offset="0" sl="56" sc="9" el="56" ec="10" bec="0" bev="0" fileid="1">
                <TrackedMethodRefs>
                  <TrackedMethodRef uid="3" vc="1" />
                </TrackedMethodRefs>
              </MethodPoint>
            </Method>
            <Method visited="true" cyclomaticComplexity="1" nPathComplexity="0" sequenceCoverage="100" branchCoverage="100" crapScore="1" isConstructor="false" isStatic="false" isGetter="false" isSetter="false">
              <Summary numSequencePoints="6" visitedSequencePoints="6" numBranchPoints="1" visitedBranchPoints="1" sequenceCoverage="100" branchCoverage="100" maxCyclomaticComplexity="1" minCyclomaticComplexity="1" maxCrapScore="1" minCrapScore="1" visitedClasses="0" numClasses="0" visitedMethods="1" numMethods="1" />
              <MetadataToken>100663301</MetadataToken>
              <Name>System.Void ControleDeSalaReservadas.Application.Test.Features.SalaReservadasReservadas.SalaReservadaReservadaTests::Service_SalaReservada_Nao_Deveria_Editar_SalaReservada_Com_Com_Data_Menor_Que_Atual()</Name>
              <FileRef uid="1" />
              <SequencePoints>
                <SequencePoint vc="1" uspid="23" ordinal="0" offset="0" sl="66" sc="9" el="66" ec="10" bec="0" bev="0" fileid="1">
                  <TrackedMethodRefs>
                    <TrackedMethodRef uid="4" vc="1" />
                  </TrackedMethodRefs>
                </SequencePoint>
                <SequencePoint vc="1" uspid="24" ordinal="1" offset="1" sl="67" sc="13" el="67" ec="79" bec="0" bev="0" fileid="1">
                  <TrackedMethodRefs>
                    <TrackedMethodRef uid="4" vc="1" />
                  </TrackedMethodRefs>
                </SequencePoint>
                <SequencePoint vc="1" uspid="25" ordinal="2" offset="12" sl="68" sc="13" el="68" ec="67" bec="0" bev="0" fileid="1">
                  <TrackedMethodRefs>
                    <TrackedMethodRef uid="4" vc="1" />
                  </TrackedMethodRefs>
                </SequencePoint>
                <SequencePoint vc="1" uspid="26" ordinal="3" offset="25" sl="69" sc="13" el="69" ec="63" bec="0" bev="0" fileid="1">
                  <TrackedMethodRefs>
                    <TrackedMethodRef uid="4" vc="1" />
                  </TrackedMethodRefs>
                </SequencePoint>
                <SequencePoint vc="1" uspid="27" ordinal="4" offset="47" sl="70" sc="13" el="70" ec="46" bec="0" bev="0" fileid="1">
                  <TrackedMethodRefs>
                    <TrackedMethodRef uid="4" vc="1" />
                  </TrackedMethodRefs>
                </SequencePoint>
                <SequencePoint vc="1" uspid="28" ordinal="5" offset="59" sl="71" sc="9" el="71" ec="10" bec="0" bev="0" fileid="1">
                  <TrackedMethodRefs>
                    <TrackedMethodRef uid="4" vc="1" />
                  </TrackedMethodRefs>
                </SequencePoint>
              </SequencePoints>
              <BranchPoints />
              <MethodPoint xsi:type="SequencePoint" vc="1" uspid="23" ordinal="0" offset="0" sl="66" sc="9" el="66" ec="10" bec="0" bev="0" fileid="1">
                <TrackedMethodRefs>
                  <TrackedMethodRef uid="4" vc="1" />
                </TrackedMethodRefs>
              </MethodPoint>
            </Method>
            <Method visited="true" cyclomaticComplexity="1" nPathComplexity="0" sequenceCoverage="100" branchCoverage="100" crapScore="1" isConstructor="false" isStatic="false" isGetter="false" isSetter="false">
              <Summary numSequencePoints="6" visitedSequencePoints="6" numBranchPoints="1" visitedBranchPoints="1" sequenceCoverage="100" branchCoverage="100" maxCyclomaticComplexity="1" minCyclomaticComplexity="1" maxCrapScore="1" minCrapScore="1" visitedClasses="0" numClasses="0" visitedMethods="1" numMethods="1" />
              <MetadataToken>100663302</MetadataToken>
              <Name>System.Void ControleDeSalaReservadas.Application.Test.Features.SalaReservadasReservadas.SalaReservadaReservadaTests::Service_SalaReservada_Deveria_Excluir_SalaReservada_Corretamente()</Name>
              <FileRef uid="1" />
              <SequencePoints>
                <SequencePoint vc="1" uspid="29" ordinal="0" offset="0" sl="75" sc="9" el="75" ec="10" bec="0" bev="0" fileid="1">
                  <TrackedMethodRefs>
                    <TrackedMethodRef uid="5" vc="1" />
                  </TrackedMethodRefs>
                </SequencePoint>
                <SequencePoint vc="1" uspid="30" ordinal="1" offset="1" sl="76" sc="13" el="76" ec="67" bec="0" bev="0" fileid="1">
                  <TrackedMethodRefs>
                    <TrackedMethodRef uid="5" vc="1" />
                  </TrackedMethodRefs>
                </SequencePoint>
                <SequencePoint vc="1" uspid="31" ordinal="2" offset="12" sl="77" sc="13" el="78" ec="57" bec="0" bev="0" fileid="1">
                  <TrackedMethodRefs>
                    <TrackedMethodRef uid="5" vc="1" />
                  </TrackedMethodRefs>
                </SequencePoint>
                <SequencePoint vc="1" uspid="32" ordinal="3" offset="121" sl="79" sc="13" el="79" ec="46" bec="0" bev="0" fileid="1">
                  <TrackedMethodRefs>
                    <TrackedMethodRef uid="5" vc="1" />
                  </TrackedMethodRefs>
                </SequencePoint>
                <SequencePoint vc="1" uspid="33" ordinal="4" offset="139" sl="80" sc="13" el="80" ec="67" bec="0" bev="0" fileid="1">
                  <TrackedMethodRefs>
                    <TrackedMethodRef uid="5" vc="1" />
                  </TrackedMethodRefs>
                </SequencePoint>
                <SequencePoint vc="1" uspid="34" ordinal="5" offset="268" sl="81" sc="9" el="81" ec="10" bec="0" bev="0" fileid="1">
                  <TrackedMethodRefs>
                    <TrackedMethodRef uid="5" vc="1" />
                  </TrackedMethodRefs>
                </SequencePoint>
              </SequencePoints>
              <BranchPoints />
              <MethodPoint xsi:type="SequencePoint" vc="1" uspid="29" ordinal="0" offset="0" sl="75" sc="9" el="75" ec="10" bec="0" bev="0" fileid="1">
                <TrackedMethodRefs>
                  <TrackedMethodRef uid="5" vc="1" />
                </TrackedMethodRefs>
              </MethodPoint>
            </Method>
            <Method visited="true" cyclomaticComplexity="1" nPathComplexity="0" sequenceCoverage="100" branchCoverage="100" crapScore="1" isConstructor="false" isStatic="false" isGetter="false" isSetter="false">
              <Summary numSequencePoints="6" visitedSequencePoints="6" numBranchPoints="1" visitedBranchPoints="1" sequenceCoverage="100" branchCoverage="100" maxCyclomaticComplexity="1" minCyclomaticComplexity="1" maxCrapScore="1" minCrapScore="1" visitedClasses="0" numClasses="0" visitedMethods="1" numMethods="1" />
              <MetadataToken>100663303</MetadataToken>
              <Name>System.Void ControleDeSalaReservadas.Application.Test.Features.SalaReservadasReservadas.SalaReservadaReservadaTests::Service_SalaReservada_Deveria_Pegar_SalaReservada_Por_Id_Corretamente()</Name>
              <FileRef uid="1" />
              <SequencePoints>
                <SequencePoint vc="1" uspid="35" ordinal="0" offset="0" sl="85" sc="9" el="85" ec="10" bec="0" bev="0" fileid="1">
                  <TrackedMethodRefs>
                    <TrackedMethodRef uid="6" vc="1" />
                  </TrackedMethodRefs>
                </SequencePoint>
                <SequencePoint vc="1" uspid="36" ordinal="1" offset="1" sl="86" sc="13" el="86" ec="67" bec="0" bev="0" fileid="1">
                  <TrackedMethodRefs>
                    <TrackedMethodRef uid="6" vc="1" />
                  </TrackedMethodRefs>
                </SequencePoint>
                <SequencePoint vc="1" uspid="37" ordinal="2" offset="12" sl="87" sc="13" el="88" ec="57" bec="0" bev="0" fileid="1">
                  <TrackedMethodRefs>
                    <TrackedMethodRef uid="6" vc="1" />
                  </TrackedMethodRefs>
                </SequencePoint>
                <SequencePoint vc="1" uspid="38" ordinal="3" offset="121" sl="89" sc="13" el="89" ec="45" bec="0" bev="0" fileid="1">
                  <TrackedMethodRefs>
                    <TrackedMethodRef uid="6" vc="1" />
                  </TrackedMethodRefs>
                </SequencePoint>
                <SequencePoint vc="1" uspid="39" ordinal="4" offset="144" sl="90" sc="13" el="90" ec="67" bec="0" bev="0" fileid="1">
                  <TrackedMethodRefs>
                    <TrackedMethodRef uid="6" vc="1" />
                  </TrackedMethodRefs>
                </SequencePoint>
                <SequencePoint vc="1" uspid="40" ordinal="5" offset="273" sl="91" sc="9" el="91" ec="10" bec="0" bev="0" fileid="1">
                  <TrackedMethodRefs>
                    <TrackedMethodRef uid="6" vc="1" />
                  </TrackedMethodRefs>
                </SequencePoint>
              </SequencePoints>
              <BranchPoints />
              <MethodPoint xsi:type="SequencePoint" vc="1" uspid="35" ordinal="0" offset="0" sl="85" sc="9" el="85" ec="10" bec="0" bev="0" fileid="1">
                <TrackedMethodRefs>
                  <TrackedMethodRef uid="6" vc="1" />
                </TrackedMethodRefs>
              </MethodPoint>
            </Method>
            <Method visited="true" cyclomaticComplexity="1" nPathComplexity="0" sequenceCoverage="100" branchCoverage="100" crapScore="1" isConstructor="false" isStatic="false" isGetter="false" isSetter="false">
              <Summary numSequencePoints="7" visitedSequencePoints="7" numBranchPoints="1" visitedBranchPoints="1" sequenceCoverage="100" branchCoverage="100" maxCyclomaticComplexity="1" minCyclomaticComplexity="1" maxCrapScore="1" minCrapScore="1" visitedClasses="0" numClasses="0" visitedMethods="1" numMethods="1" />
              <MetadataToken>100663304</MetadataToken>
              <Name>System.Void ControleDeSalaReservadas.Application.Test.Features.SalaReservadasReservadas.SalaReservadaReservadaTests::Service_SalaReservada_Deveria_BuscarTodos_SalaReservadas_Corretamente()</Name>
              <FileRef uid="1" />
              <SequencePoints>
                <SequencePoint vc="1" uspid="41" ordinal="0" offset="0" sl="95" sc="9" el="95" ec="10" bec="0" bev="0" fileid="1">
                  <TrackedMethodRefs>
                    <TrackedMethodRef uid="7" vc="1" />
                  </TrackedMethodRefs>
                </SequencePoint>
                <SequencePoint vc="1" uspid="42" ordinal="1" offset="1" sl="96" sc="13" el="96" ec="81" bec="0" bev="0" fileid="1">
                  <TrackedMethodRefs>
                    <TrackedMethodRef uid="7" vc="1" />
                  </TrackedMethodRefs>
                </SequencePoint>
                <SequencePoint vc="1" uspid="43" ordinal="2" offset="7" sl="97" sc="13" el="99" ec="39" bec="0" bev="0" fileid="1">
                  <TrackedMethodRefs>
                    <TrackedMethodRef uid="7" vc="1" />
                  </TrackedMethodRefs>
                </SequencePoint>
                <SequencePoint vc="1" uspid="44" ordinal="3" offset="92" sl="100" sc="13" el="100" ec="66" bec="0" bev="0" fileid="1">
                  <TrackedMethodRefs>
                    <TrackedMethodRef uid="7" vc="1" />
                  </TrackedMethodRefs>
                </SequencePoint>
                <SequencePoint vc="1" uspid="45" ordinal="4" offset="104" sl="101" sc="13" el="101" ec="49" bec="0" bev="0" fileid="1">
                  <TrackedMethodRefs>
                    <TrackedMethodRef uid="7" vc="1" />
                  </TrackedMethodRefs>
                </SequencePoint>
                <SequencePoint vc="1" uspid="46" ordinal="5" offset="183" sl="102" sc="13" el="102" ec="59" bec="0" bev="0" fileid="1">
                  <TrackedMethodRefs>
                    <TrackedMethodRef uid="7" vc="1" />
                  </TrackedMethodRefs>
                </SequencePoint>
                <SequencePoint vc="1" uspid="47" ordinal="6" offset="206" sl="103" sc="9" el="103" ec="10" bec="0" bev="0" fileid="1">
                  <TrackedMethodRefs>
                    <TrackedMethodRef uid="7" vc="1" />
                  </TrackedMethodRefs>
                </SequencePoint>
              </SequencePoints>
              <BranchPoints />
              <MethodPoint xsi:type="SequencePoint" vc="1" uspid="41" ordinal="0" offset="0" sl="95" sc="9" el="95" ec="10" bec="0" bev="0" fileid="1">
                <TrackedMethodRefs>
                  <TrackedMethodRef uid="7" vc="1" />
                </TrackedMethodRefs>
              </MethodPoint>
            </Method>
            <Method visited="false" cyclomaticComplexity="1" nPathComplexity="0" sequenceCoverage="0" branchCoverage="0" crapScore="2" isConstructor="true" isStatic="false" isGetter="false" isSetter="false">
              <Summary numSequencePoints="0" visitedSequencePoints="0" numBranchPoints="0" visitedBranchPoints="0" sequenceCoverage="0" branchCoverage="0" maxCyclomaticComplexity="1" minCyclomaticComplexity="1" maxCrapScore="2" minCrapScore="2" visitedClasses="0" numClasses="0" visitedMethods="0" numMethods="0" />
              <MetadataToken>100663305</MetadataToken>
              <Name>System.Void ControleDeSalaReservadas.Application.Test.Features.SalaReservadasReservadas.SalaReservadaReservadaTests::.ctor()</Name>
              <SequencePoints />
              <BranchPoints />
              <MethodPoint vc="0" uspid="48" ordinal="0" offset="0" />
            </Method>
            <Method visited="true" cyclomaticComplexity="1" nPathComplexity="0" sequenceCoverage="100" branchCoverage="100" crapScore="1" isConstructor="false" isStatic="false" isGetter="false" isSetter="false">
              <Summary numSequencePoints="1" visitedSequencePoints="1" numBranchPoints="1" visitedBranchPoints="1" sequenceCoverage="100" branchCoverage="100" maxCyclomaticComplexity="1" minCyclomaticComplexity="1" maxCrapScore="1" minCrapScore="1" visitedClasses="0" numClasses="0" visitedMethods="1" numMethods="1" />
              <MetadataToken>100663306</MetadataToken>
              <Name>System.Void ControleDeSalaReservadas.Application.Test.Features.SalaReservadasReservadas.SalaReservadaReservadaTests::&lt;Service_SalaReservada_Nao_Deveria_Adicionar_SalaReservada_Com_Data_Menor_Que_Atual&gt;b__5_0()</Name>
              <FileRef uid="1" />
              <SequencePoints>
                <SequencePoint vc="1" uspid="49" ordinal="0" offset="0" sl="49" sc="35" el="49" ec="69" bec="0" bev="0" fileid="1">
                  <TrackedMethodRefs>
                    <TrackedMethodRef uid="2" vc="1" />
                  </TrackedMethodRefs>
                </SequencePoint>
              </SequencePoints>
              <BranchPoints />
              <MethodPoint xsi:type="SequencePoint" vc="1" uspid="49" ordinal="0" offset="0" sl="49" sc="35" el="49" ec="69" bec="0" bev="0" fileid="1">
                <TrackedMethodRefs>
                  <TrackedMethodRef uid="2" vc="1" />
                </TrackedMethodRefs>
              </MethodPoint>
            </Method>
            <Method visited="true" cyclomaticComplexity="1" nPathComplexity="0" sequenceCoverage="100" branchCoverage="100" crapScore="1" isConstructor="false" isStatic="false" isGetter="false" isSetter="false">
              <Summary numSequencePoints="1" visitedSequencePoints="1" numBranchPoints="1" visitedBranchPoints="1" sequenceCoverage="100" branchCoverage="100" maxCyclomaticComplexity="1" minCyclomaticComplexity="1" maxCrapScore="1" minCrapScore="1" visitedClasses="0" numClasses="0" visitedMethods="1" numMethods="1" />
              <MetadataToken>100663307</MetadataToken>
              <Name>System.Void ControleDeSalaReservadas.Application.Test.Features.SalaReservadasReservadas.SalaReservadaReservadaTests::&lt;Service_SalaReservada_Nao_Deveria_Editar_SalaReservada_Com_Com_Data_Menor_Que_Atual&gt;b__7_0()</Name>
              <FileRef uid="1" />
              <SequencePoints>
                <SequencePoint vc="1" uspid="50" ordinal="0" offset="0" sl="68" sc="35" el="68" ec="66" bec="0" bev="0" fileid="1">
                  <TrackedMethodRefs>
                    <TrackedMethodRef uid="4" vc="1" />
                  </TrackedMethodRefs>
                </SequencePoint>
              </SequencePoints>
              <BranchPoints />
              <MethodPoint xsi:type="SequencePoint" vc="1" uspid="50" ordinal="0" offset="0" sl="68" sc="35" el="68" ec="66" bec="0" bev="0" fileid="1">
                <TrackedMethodRefs>
                  <TrackedMethodRef uid="4" vc="1" />
                </TrackedMethodRefs>
              </MethodPoint>
            </Method>
          </Methods>
        </Class>
        <Class>
          <Summary numSequencePoints="0" visitedSequencePoints="0" numBranchPoints="0" visitedBranchPoints="0" sequenceCoverage="0" branchCoverage="0" maxCyclomaticComplexity="1" minCyclomaticComplexity="1" maxCrapScore="2" minCrapScore="2" visitedClasses="0" numClasses="0" visitedMethods="0" numMethods="0" />
          <FullName>ControleDeSalaReservadas.Application.Test.Features.SalaReservadasReservadas.SalaReservadaReservadaTests/&lt;&gt;c</FullName>
          <Methods>
            <Method visited="false" cyclomaticComplexity="1" nPathComplexity="0" sequenceCoverage="0" branchCoverage="0" crapScore="2" isConstructor="true" isStatic="true" isGetter="false" isSetter="false">
              <Summary numSequencePoints="0" visitedSequencePoints="0" numBranchPoints="0" visitedBranchPoints="0" sequenceCoverage="0" branchCoverage="0" maxCyclomaticComplexity="1" minCyclomaticComplexity="1" maxCrapScore="2" minCrapScore="2" visitedClasses="0" numClasses="0" visitedMethods="0" numMethods="0" />
              <MetadataToken>100663330</MetadataToken>
              <Name>System.Void ControleDeSalaReservadas.Application.Test.Features.SalaReservadasReservadas.SalaReservadaReservadaTests/&lt;&gt;c::.cctor()</Name>
              <SequencePoints />
              <BranchPoints />
              <MethodPoint vc="0" uspid="51" ordinal="0" offset="0" />
            </Method>
            <Method visited="false" cyclomaticComplexity="1" nPathComplexity="0" sequenceCoverage="0" branchCoverage="0" crapScore="2" isConstructor="true" isStatic="false" isGetter="false" isSetter="false">
              <Summary numSequencePoints="0" visitedSequencePoints="0" numBranchPoints="0" visitedBranchPoints="0" sequenceCoverage="0" branchCoverage="0" maxCyclomaticComplexity="1" minCyclomaticComplexity="1" maxCrapScore="2" minCrapScore="2" visitedClasses="0" numClasses="0" visitedMethods="0" numMethods="0" />
              <MetadataToken>100663331</MetadataToken>
              <Name>System.Void ControleDeSalaReservadas.Application.Test.Features.SalaReservadasReservadas.SalaReservadaReservadaTests/&lt;&gt;c::.ctor()</Name>
              <SequencePoints />
              <BranchPoints />
              <MethodPoint vc="0" uspid="52" ordinal="0" offset="0" />
            </Method>
          </Methods>
        </Class>
        <Class>
          <Summary numSequencePoints="49" visitedSequencePoints="49" numBranchPoints="10" visitedBranchPoints="10" sequenceCoverage="100" branchCoverage="100" maxCyclomaticComplexity="1" minCyclomaticComplexity="1" maxCrapScore="2" minCrapScore="1" visitedClasses="1" numClasses="1" visitedMethods="10" numMethods="10" />
          <FullName>ControleDeSalas.Application.Test.Features.Salas.SalaServiceTests</FullName>
          <Methods>
            <Method visited="true" cyclomaticComplexity="1" nPathComplexity="0" sequenceCoverage="100" branchCoverage="100" crapScore="1" isConstructor="false" isStatic="false" isGetter="false" isSetter="false">
              <Summary numSequencePoints="4" visitedSequencePoints="4" numBranchPoints="1" visitedBranchPoints="1" sequenceCoverage="100" branchCoverage="100" maxCyclomaticComplexity="1" minCyclomaticComplexity="1" maxCrapScore="1" minCrapScore="1" visitedClasses="0" numClasses="0" visitedMethods="1" numMethods="1" />
              <MetadataToken>100663308</MetadataToken>
              <Name>System.Void ControleDeSalas.Application.Test.Features.Salas.SalaServiceTests::Initialize()</Name>
              <FileRef uid="2" />
              <SequencePoints>
                <SequencePoint vc="7" uspid="53" ordinal="0" offset="0" sl="25" sc="9" el="25" ec="10" bec="0" bev="0" fileid="2" />
                <SequencePoint vc="7" uspid="54" ordinal="1" offset="1" sl="26" sc="13" el="26" ec="55" bec="0" bev="0" fileid="2" />
                <SequencePoint vc="7" uspid="55" ordinal="2" offset="12" sl="27" sc="13" el="27" ec="60" bec="0" bev="0" fileid="2" />
                <SequencePoint vc="7" uspid="56" ordinal="3" offset="34" sl="28" sc="9" el="28" ec="10" bec="0" bev="0" fileid="2" />
              </SequencePoints>
              <BranchPoints />
              <MethodPoint xsi:type="SequencePoint" vc="7" uspid="53" ordinal="0" offset="0" sl="25" sc="9" el="25" ec="10" bec="0" bev="0" fileid="2" />
            </Method>
            <Method visited="true" cyclomaticComplexity="1" nPathComplexity="0" sequenceCoverage="100" branchCoverage="100" crapScore="1" isConstructor="false" isStatic="false" isGetter="false" isSetter="false">
              <Summary numSequencePoints="6" visitedSequencePoints="6" numBranchPoints="1" visitedBranchPoints="1" sequenceCoverage="100" branchCoverage="100" maxCyclomaticComplexity="1" minCyclomaticComplexity="1" maxCrapScore="1" minCrapScore="1" visitedClasses="0" numClasses="0" visitedMethods="1" numMethods="1" />
              <MetadataToken>100663309</MetadataToken>
              <Name>System.Void ControleDeSalas.Application.Test.Features.Salas.SalaServiceTests::Service_Sala_Deveria_Adicionar_Sala_Corretamente()</Name>
              <FileRef uid="2" />
              <SequencePoints>
                <SequencePoint vc="1" uspid="57" ordinal="0" offset="0" sl="32" sc="9" el="32" ec="10" bec="0" bev="0" fileid="2">
                  <TrackedMethodRefs>
                    <TrackedMethodRef uid="8" vc="1" />
                  </TrackedMethodRefs>
                </SequencePoint>
                <SequencePoint vc="1" uspid="58" ordinal="1" offset="1" sl="33" sc="13" el="33" ec="44" bec="0" bev="0" fileid="2">
                  <TrackedMethodRefs>
                    <TrackedMethodRef uid="8" vc="1" />
                  </TrackedMethodRefs>
                </SequencePoint>
                <SequencePoint vc="1" uspid="59" ordinal="2" offset="12" sl="34" sc="13" el="41" ec="20" bec="0" bev="0" fileid="2">
                  <TrackedMethodRefs>
                    <TrackedMethodRef uid="8" vc="1" />
                  </TrackedMethodRefs>
                </SequencePoint>
                <SequencePoint vc="1" uspid="60" ordinal="3" offset="172" sl="42" sc="13" el="42" ec="39" bec="0" bev="0" fileid="2">
                  <TrackedMethodRefs>
                    <TrackedMethodRef uid="8" vc="1" />
                  </TrackedMethodRefs>
                </SequencePoint>
                <SequencePoint vc="1" uspid="61" ordinal="4" offset="190" sl="43" sc="13" el="43" ec="57" bec="0" bev="0" fileid="2">
                  <TrackedMethodRefs>
                    <TrackedMethodRef uid="8" vc="1" />
                  </TrackedMethodRefs>
                </SequencePoint>
                <SequencePoint vc="1" uspid="62" ordinal="5" offset="304" sl="44" sc="9" el="44" ec="10" bec="0" bev="0" fileid="2">
                  <TrackedMethodRefs>
                    <TrackedMethodRef uid="8" vc="1" />
                  </TrackedMethodRefs>
                </SequencePoint>
              </SequencePoints>
              <BranchPoints />
              <MethodPoint xsi:type="SequencePoint" vc="1" uspid="57" ordinal="0" offset="0" sl="32" sc="9" el="32" ec="10" bec="0" bev="0" fileid="2">
                <TrackedMethodRefs>
                  <TrackedMethodRef uid="8" vc="1" />
                </TrackedMethodRefs>
              </MethodPoint>
            </Method>
            <Method visited="true" cyclomaticComplexity="1" nPathComplexity="0" sequenceCoverage="100" branchCoverage="100" crapScore="1" isConstructor="false" isStatic="false" isGetter="false" isSetter="false">
              <Summary numSequencePoints="6" visitedSequencePoints="6" numBranchPoints="1" visitedBranchPoints="1" sequenceCoverage="100" branchCoverage="100" maxCyclomaticComplexity="1" minCyclomaticComplexity="1" maxCrapScore="1" minCrapScore="1" visitedClasses="0" numClasses="0" visitedMethods="1" numMethods="1" />
              <MetadataToken>100663310</MetadataToken>
              <Name>System.Void ControleDeSalas.Application.Test.Features.Salas.SalaServiceTests::Service_Sala_Nao_Deveria_Adicionar_Sala_Com_Nome_Menor_Que_Quatro_Caracteres()</Name>
              <FileRef uid="2" />
              <SequencePoints>
                <SequencePoint vc="1" uspid="63" ordinal="0" offset="0" sl="48" sc="9" el="48" ec="10" bec="0" bev="0" fileid="2">
                  <TrackedMethodRefs>
                    <TrackedMethodRef uid="9" vc="1" />
                  </TrackedMethodRefs>
                </SequencePoint>
                <SequencePoint vc="1" uspid="64" ordinal="1" offset="1" sl="49" sc="13" el="49" ec="74" bec="0" bev="0" fileid="2">
                  <TrackedMethodRefs>
                    <TrackedMethodRef uid="9" vc="1" />
                  </TrackedMethodRefs>
                </SequencePoint>
                <SequencePoint vc="1" uspid="65" ordinal="2" offset="12" sl="50" sc="13" el="50" ec="61" bec="0" bev="0" fileid="2">
                  <TrackedMethodRefs>
                    <TrackedMethodRef uid="9" vc="1" />
                  </TrackedMethodRefs>
                </SequencePoint>
                <SequencePoint vc="1" uspid="66" ordinal="3" offset="25" sl="51" sc="13" el="51" ec="64" bec="0" bev="0" fileid="2">
                  <TrackedMethodRefs>
                    <TrackedMethodRef uid="9" vc="1" />
                  </TrackedMethodRefs>
                </SequencePoint>
                <SequencePoint vc="1" uspid="67" ordinal="4" offset="47" sl="52" sc="13" el="52" ec="46" bec="0" bev="0" fileid="2">
                  <TrackedMethodRefs>
                    <TrackedMethodRef uid="9" vc="1" />
                  </TrackedMethodRefs>
                </SequencePoint>
                <SequencePoint vc="1" uspid="68" ordinal="5" offset="59" sl="53" sc="9" el="53" ec="10" bec="0" bev="0" fileid="2">
                  <TrackedMethodRefs>
                    <TrackedMethodRef uid="9" vc="1" />
                  </TrackedMethodRefs>
                </SequencePoint>
              </SequencePoints>
              <BranchPoints />
              <MethodPoint xsi:type="SequencePoint" vc="1" uspid="63" ordinal="0" offset="0" sl="48" sc="9" el="48" ec="10" bec="0" bev="0" fileid="2">
                <TrackedMethodRefs>
                  <TrackedMethodRef uid="9" vc="1" />
                </TrackedMethodRefs>
              </MethodPoint>
            </Method>
            <Method visited="true" cyclomaticComplexity="1" nPathComplexity="0" sequenceCoverage="100" branchCoverage="100" crapScore="1" isConstructor="false" isStatic="false" isGetter="false" isSetter="false">
              <Summary numSequencePoints="6" visitedSequencePoints="6" numBranchPoints="1" visitedBranchPoints="1" sequenceCoverage="100" branchCoverage="100" maxCyclomaticComplexity="1" minCyclomaticComplexity="1" maxCrapScore="1" minCrapScore="1" visitedClasses="0" numClasses="0" visitedMethods="1" numMethods="1" />
              <MetadataToken>100663311</MetadataToken>
              <Name>System.Void ControleDeSalas.Application.Test.Features.Salas.SalaServiceTests::Service_Sala_Deveria_Editar_Sala_Corretamente()</Name>
              <FileRef uid="2" />
              <SequencePoints>
                <SequencePoint vc="1" uspid="69" ordinal="0" offset="0" sl="57" sc="9" el="57" ec="10" bec="0" bev="0" fileid="2">
                  <TrackedMethodRefs>
                    <TrackedMethodRef uid="10" vc="1" />
                  </TrackedMethodRefs>
                </SequencePoint>
                <SequencePoint vc="1" uspid="70" ordinal="1" offset="1" sl="58" sc="13" el="58" ec="49" bec="0" bev="0" fileid="2">
                  <TrackedMethodRefs>
                    <TrackedMethodRef uid="10" vc="1" />
                  </TrackedMethodRefs>
                </SequencePoint>
                <SequencePoint vc="1" uspid="71" ordinal="2" offset="12" sl="59" sc="13" el="60" ec="57" bec="0" bev="0" fileid="2">
                  <TrackedMethodRefs>
                    <TrackedMethodRef uid="10" vc="1" />
                  </TrackedMethodRefs>
                </SequencePoint>
                <SequencePoint vc="1" uspid="72" ordinal="3" offset="121" sl="61" sc="13" el="61" ec="36" bec="0" bev="0" fileid="2">
                  <TrackedMethodRefs>
                    <TrackedMethodRef uid="10" vc="1" />
                  </TrackedMethodRefs>
                </SequencePoint>
                <SequencePoint vc="1" uspid="73" ordinal="4" offset="139" sl="62" sc="13" el="62" ec="54" bec="0" bev="0" fileid="2">
                  <TrackedMethodRefs>
                    <TrackedMethodRef uid="10" vc="1" />
                  </TrackedMethodRefs>
                </SequencePoint>
                <SequencePoint vc="1" uspid="74" ordinal="5" offset="253" sl="63" sc="9" el="63" ec="10" bec="0" bev="0" fileid="2">
                  <TrackedMethodRefs>
                    <TrackedMethodRef uid="10" vc="1" />
                  </TrackedMethodRefs>
                </SequencePoint>
              </SequencePoints>
              <BranchPoints />
              <MethodPoint xsi:type="SequencePoint" vc="1" uspid="69" ordinal="0" offset="0" sl="57" sc="9" el="57" ec="10" bec="0" bev="0" fileid="2">
                <TrackedMethodRefs>
                  <TrackedMethodRef uid="10" vc="1" />
                </TrackedMethodRefs>
              </MethodPoint>
            </Method>
            <Method visited="true" cyclomaticComplexity="1" nPathComplexity="0" sequenceCoverage="100" branchCoverage="100" crapScore="1" isConstructor="false" isStatic="false" isGetter="false" isSetter="false">
              <Summary numSequencePoints="6" visitedSequencePoints="6" numBranchPoints="1" visitedBranchPoints="1" sequenceCoverage="100" branchCoverage="100" maxCyclomaticComplexity="1" minCyclomaticComplexity="1" maxCrapScore="1" minCrapScore="1" visitedClasses="0" numClasses="0" visitedMethods="1" numMethods="1" />
              <MetadataToken>100663312</MetadataToken>
              <Name>System.Void ControleDeSalas.Application.Test.Features.Salas.SalaServiceTests::Service_Sala_Nao_Deveria_Editar_Sala_Com_Nome_Menor_Que_Quatro_Caracteres()</Name>
              <FileRef uid="2" />
              <SequencePoints>
                <SequencePoint vc="1" uspid="75" ordinal="0" offset="0" sl="67" sc="9" el="67" ec="10" bec="0" bev="0" fileid="2">
                  <TrackedMethodRefs>
                    <TrackedMethodRef uid="11" vc="1" />
                  </TrackedMethodRefs>
                </SequencePoint>
                <SequencePoint vc="1" uspid="76" ordinal="1" offset="1" sl="68" sc="13" el="68" ec="74" bec="0" bev="0" fileid="2">
                  <TrackedMethodRefs>
                    <TrackedMethodRef uid="11" vc="1" />
                  </TrackedMethodRefs>
                </SequencePoint>
                <SequencePoint vc="1" uspid="77" ordinal="2" offset="12" sl="69" sc="13" el="69" ec="58" bec="0" bev="0" fileid="2">
                  <TrackedMethodRefs>
                    <TrackedMethodRef uid="11" vc="1" />
                  </TrackedMethodRefs>
                </SequencePoint>
                <SequencePoint vc="1" uspid="78" ordinal="3" offset="25" sl="70" sc="13" el="70" ec="64" bec="0" bev="0" fileid="2">
                  <TrackedMethodRefs>
                    <TrackedMethodRef uid="11" vc="1" />
                  </TrackedMethodRefs>
                </SequencePoint>
                <SequencePoint vc="1" uspid="79" ordinal="4" offset="47" sl="71" sc="13" el="71" ec="46" bec="0" bev="0" fileid="2">
                  <TrackedMethodRefs>
                    <TrackedMethodRef uid="11" vc="1" />
                  </TrackedMethodRefs>
                </SequencePoint>
                <SequencePoint vc="1" uspid="80" ordinal="5" offset="59" sl="72" sc="9" el="72" ec="10" bec="0" bev="0" fileid="2">
                  <TrackedMethodRefs>
                    <TrackedMethodRef uid="11" vc="1" />
                  </TrackedMethodRefs>
                </SequencePoint>
              </SequencePoints>
              <BranchPoints />
              <MethodPoint xsi:type="SequencePoint" vc="1" uspid="75" ordinal="0" offset="0" sl="67" sc="9" el="67" ec="10" bec="0" bev="0" fileid="2">
                <TrackedMethodRefs>
                  <TrackedMethodRef uid="11" vc="1" />
                </TrackedMethodRefs>
              </MethodPoint>
            </Method>
            <Method visited="true" cyclomaticComplexity="1" nPathComplexity="0" sequenceCoverage="100" branchCoverage="100" crapScore="1" isConstructor="false" isStatic="false" isGetter="false" isSetter="false">
              <Summary numSequencePoints="6" visitedSequencePoints="6" numBranchPoints="1" visitedBranchPoints="1" sequenceCoverage="100" branchCoverage="100" maxCyclomaticComplexity="1" minCyclomaticComplexity="1" maxCrapScore="1" minCrapScore="1" visitedClasses="0" numClasses="0" visitedMethods="1" numMethods="1" />
              <MetadataToken>100663313</MetadataToken>
              <Name>System.Void ControleDeSalas.Application.Test.Features.Salas.SalaServiceTests::Service_Sala_Deveria_Excluir_Sala_Corretamente()</Name>
              <FileRef uid="2" />
              <SequencePoints>
                <SequencePoint vc="1" uspid="81" ordinal="0" offset="0" sl="76" sc="9" el="76" ec="10" bec="0" bev="0" fileid="2">
                  <TrackedMethodRefs>
                    <TrackedMethodRef uid="12" vc="1" />
                  </TrackedMethodRefs>
                </SequencePoint>
                <SequencePoint vc="1" uspid="82" ordinal="1" offset="1" sl="77" sc="13" el="77" ec="49" bec="0" bev="0" fileid="2">
                  <TrackedMethodRefs>
                    <TrackedMethodRef uid="12" vc="1" />
                  </TrackedMethodRefs>
                </SequencePoint>
                <SequencePoint vc="1" uspid="83" ordinal="2" offset="12" sl="78" sc="13" el="79" ec="57" bec="0" bev="0" fileid="2">
                  <TrackedMethodRefs>
                    <TrackedMethodRef uid="12" vc="1" />
                  </TrackedMethodRefs>
                </SequencePoint>
                <SequencePoint vc="1" uspid="84" ordinal="3" offset="121" sl="80" sc="13" el="80" ec="37" bec="0" bev="0" fileid="2">
                  <TrackedMethodRefs>
                    <TrackedMethodRef uid="12" vc="1" />
                  </TrackedMethodRefs>
                </SequencePoint>
                <SequencePoint vc="1" uspid="85" ordinal="4" offset="139" sl="81" sc="13" el="81" ec="58" bec="0" bev="0" fileid="2">
                  <TrackedMethodRefs>
                    <TrackedMethodRef uid="12" vc="1" />
                  </TrackedMethodRefs>
                </SequencePoint>
                <SequencePoint vc="1" uspid="86" ordinal="5" offset="268" sl="82" sc="9" el="82" ec="10" bec="0" bev="0" fileid="2">
                  <TrackedMethodRefs>
                    <TrackedMethodRef uid="12" vc="1" />
                  </TrackedMethodRefs>
                </SequencePoint>
              </SequencePoints>
              <BranchPoints />
              <MethodPoint xsi:type="SequencePoint" vc="1" uspid="81" ordinal="0" offset="0" sl="76" sc="9" el="76" ec="10" bec="0" bev="0" fileid="2">
                <TrackedMethodRefs>
                  <TrackedMethodRef uid="12" vc="1" />
                </TrackedMethodRefs>
              </MethodPoint>
            </Method>
            <Method visited="true" cyclomaticComplexity="1" nPathComplexity="0" sequenceCoverage="100" branchCoverage="100" crapScore="1" isConstructor="false" isStatic="false" isGetter="false" isSetter="false">
              <Summary numSequencePoints="6" visitedSequencePoints="6" numBranchPoints="1" visitedBranchPoints="1" sequenceCoverage="100" branchCoverage="100" maxCyclomaticComplexity="1" minCyclomaticComplexity="1" maxCrapScore="1" minCrapScore="1" visitedClasses="0" numClasses="0" visitedMethods="1" numMethods="1" />
              <MetadataToken>100663314</MetadataToken>
              <Name>System.Void ControleDeSalas.Application.Test.Features.Salas.SalaServiceTests::Service_Sala_Deveria_Pegar_Sala_Por_Id_Corretamente()</Name>
              <FileRef uid="2" />
              <SequencePoints>
                <SequencePoint vc="1" uspid="87" ordinal="0" offset="0" sl="86" sc="9" el="86" ec="10" bec="0" bev="0" fileid="2">
                  <TrackedMethodRefs>
                    <TrackedMethodRef uid="13" vc="1" />
                  </TrackedMethodRefs>
                </SequencePoint>
                <SequencePoint vc="1" uspid="88" ordinal="1" offset="1" sl="87" sc="13" el="87" ec="49" bec="0" bev="0" fileid="2">
                  <TrackedMethodRefs>
                    <TrackedMethodRef uid="13" vc="1" />
                  </TrackedMethodRefs>
                </SequencePoint>
                <SequencePoint vc="1" uspid="89" ordinal="2" offset="12" sl="88" sc="13" el="89" ec="57" bec="0" bev="0" fileid="2">
                  <TrackedMethodRefs>
                    <TrackedMethodRef uid="13" vc="1" />
                  </TrackedMethodRefs>
                </SequencePoint>
                <SequencePoint vc="1" uspid="90" ordinal="3" offset="121" sl="90" sc="13" el="90" ec="36" bec="0" bev="0" fileid="2">
                  <TrackedMethodRefs>
                    <TrackedMethodRef uid="13" vc="1" />
                  </TrackedMethodRefs>
                </SequencePoint>
                <SequencePoint vc="1" uspid="91" ordinal="4" offset="144" sl="91" sc="13" el="91" ec="58" bec="0" bev="0" fileid="2">
                  <TrackedMethodRefs>
                    <TrackedMethodRef uid="13" vc="1" />
                  </TrackedMethodRefs>
                </SequencePoint>
                <SequencePoint vc="1" uspid="92" ordinal="5" offset="273" sl="92" sc="9" el="92" ec="10" bec="0" bev="0" fileid="2">
                  <TrackedMethodRefs>
                    <TrackedMethodRef uid="13" vc="1" />
                  </TrackedMethodRefs>
                </SequencePoint>
              </SequencePoints>
              <BranchPoints />
              <MethodPoint xsi:type="SequencePoint" vc="1" uspid="87" ordinal="0" offset="0" sl="86" sc="9" el="86" ec="10" bec="0" bev="0" fileid="2">
                <TrackedMethodRefs>
                  <TrackedMethodRef uid="13" vc="1" />
                </TrackedMethodRefs>
              </MethodPoint>
            </Method>
            <Method visited="true" cyclomaticComplexity="1" nPathComplexity="0" sequenceCoverage="100" branchCoverage="100" crapScore="1" isConstructor="false" isStatic="false" isGetter="false" isSetter="false">
              <Summary numSequencePoints="7" visitedSequencePoints="7" numBranchPoints="1" visitedBranchPoints="1" sequenceCoverage="100" branchCoverage="100" maxCyclomaticComplexity="1" minCyclomaticComplexity="1" maxCrapScore="1" minCrapScore="1" visitedClasses="0" numClasses="0" visitedMethods="1" numMethods="1" />
              <MetadataToken>100663315</MetadataToken>
              <Name>System.Void ControleDeSalas.Application.Test.Features.Salas.SalaServiceTests::Service_Sala_Deveria_BuscarTodos_Salas_Corretamente()</Name>
              <FileRef uid="2" />
              <SequencePoints>
                <SequencePoint vc="1" uspid="93" ordinal="0" offset="0" sl="96" sc="9" el="96" ec="10" bec="0" bev="0" fileid="2">
                  <TrackedMethodRefs>
                    <TrackedMethodRef uid="14" vc="1" />
                  </TrackedMethodRefs>
                </SequencePoint>
                <SequencePoint vc="1" uspid="94" ordinal="1" offset="1" sl="97" sc="13" el="97" ec="62" bec="0" bev="0" fileid="2">
                  <TrackedMethodRefs>
                    <TrackedMethodRef uid="14" vc="1" />
                  </TrackedMethodRefs>
                </SequencePoint>
                <SequencePoint vc="1" uspid="95" ordinal="2" offset="7" sl="98" sc="13" el="100" ec="39" bec="0" bev="0" fileid="2">
                  <TrackedMethodRefs>
                    <TrackedMethodRef uid="14" vc="1" />
                  </TrackedMethodRefs>
                </SequencePoint>
                <SequencePoint vc="1" uspid="96" ordinal="3" offset="92" sl="101" sc="13" el="101" ec="57" bec="0" bev="0" fileid="2">
                  <TrackedMethodRefs>
                    <TrackedMethodRef uid="14" vc="1" />
                  </TrackedMethodRefs>
                </SequencePoint>
                <SequencePoint vc="1" uspid="97" ordinal="4" offset="104" sl="102" sc="13" el="102" ec="49" bec="0" bev="0" fileid="2">
                  <TrackedMethodRefs>
                    <TrackedMethodRef uid="14" vc="1" />
                  </TrackedMethodRefs>
                </SequencePoint>
                <SequencePoint vc="1" uspid="98" ordinal="5" offset="183" sl="103" sc="13" el="103" ec="59" bec="0" bev="0" fileid="2">
                  <TrackedMethodRefs>
                    <TrackedMethodRef uid="14" vc="1" />
                  </TrackedMethodRefs>
                </SequencePoint>
                <SequencePoint vc="1" uspid="99" ordinal="6" offset="206" sl="104" sc="9" el="104" ec="10" bec="0" bev="0" fileid="2">
                  <TrackedMethodRefs>
                    <TrackedMethodRef uid="14" vc="1" />
                  </TrackedMethodRefs>
                </SequencePoint>
              </SequencePoints>
              <BranchPoints />
              <MethodPoint xsi:type="SequencePoint" vc="1" uspid="93" ordinal="0" offset="0" sl="96" sc="9" el="96" ec="10" bec="0" bev="0" fileid="2">
                <TrackedMethodRefs>
                  <TrackedMethodRef uid="14" vc="1" />
                </TrackedMethodRefs>
              </MethodPoint>
            </Method>
            <Method visited="false" cyclomaticComplexity="1" nPathComplexity="0" sequenceCoverage="0" branchCoverage="0" crapScore="2" isConstructor="true" isStatic="false" isGetter="false" isSetter="false">
              <Summary numSequencePoints="0" visitedSequencePoints="0" numBranchPoints="0" visitedBranchPoints="0" sequenceCoverage="0" branchCoverage="0" maxCyclomaticComplexity="1" minCyclomaticComplexity="1" maxCrapScore="2" minCrapScore="2" visitedClasses="0" numClasses="0" visitedMethods="0" numMethods="0" />
              <MetadataToken>100663316</MetadataToken>
              <Name>System.Void ControleDeSalas.Application.Test.Features.Salas.SalaServiceTests::.ctor()</Name>
              <SequencePoints />
              <BranchPoints />
              <MethodPoint vc="0" uspid="100" ordinal="0" offset="0" />
            </Method>
            <Method visited="true" cyclomaticComplexity="1" nPathComplexity="0" sequenceCoverage="100" branchCoverage="100" crapScore="1" isConstructor="false" isStatic="false" isGetter="false" isSetter="false">
              <Summary numSequencePoints="1" visitedSequencePoints="1" numBranchPoints="1" visitedBranchPoints="1" sequenceCoverage="100" branchCoverage="100" maxCyclomaticComplexity="1" minCyclomaticComplexity="1" maxCrapScore="1" minCrapScore="1" visitedClasses="0" numClasses="0" visitedMethods="1" numMethods="1" />
              <MetadataToken>100663317</MetadataToken>
              <Name>System.Void ControleDeSalas.Application.Test.Features.Salas.SalaServiceTests::&lt;Service_Sala_Nao_Deveria_Adicionar_Sala_Com_Nome_Menor_Que_Quatro_Caracteres&gt;b__5_0()</Name>
              <FileRef uid="2" />
              <SequencePoints>
                <SequencePoint vc="1" uspid="101" ordinal="0" offset="0" sl="50" sc="35" el="50" ec="60" bec="0" bev="0" fileid="2">
                  <TrackedMethodRefs>
                    <TrackedMethodRef uid="9" vc="1" />
                  </TrackedMethodRefs>
                </SequencePoint>
              </SequencePoints>
              <BranchPoints />
              <MethodPoint xsi:type="SequencePoint" vc="1" uspid="101" ordinal="0" offset="0" sl="50" sc="35" el="50" ec="60" bec="0" bev="0" fileid="2">
                <TrackedMethodRefs>
                  <TrackedMethodRef uid="9" vc="1" />
                </TrackedMethodRefs>
              </MethodPoint>
            </Method>
            <Method visited="true" cyclomaticComplexity="1" nPathComplexity="0" sequenceCoverage="100" branchCoverage="100" crapScore="1" isConstructor="false" isStatic="false" isGetter="false" isSetter="false">
              <Summary numSequencePoints="1" visitedSequencePoints="1" numBranchPoints="1" visitedBranchPoints="1" sequenceCoverage="100" branchCoverage="100" maxCyclomaticComplexity="1" minCyclomaticComplexity="1" maxCrapScore="1" minCrapScore="1" visitedClasses="0" numClasses="0" visitedMethods="1" numMethods="1" />
              <MetadataToken>100663318</MetadataToken>
              <Name>System.Void ControleDeSalas.Application.Test.Features.Salas.SalaServiceTests::&lt;Service_Sala_Nao_Deveria_Editar_Sala_Com_Nome_Menor_Que_Quatro_Caracteres&gt;b__7_0()</Name>
              <FileRef uid="2" />
              <SequencePoints>
                <SequencePoint vc="1" uspid="102" ordinal="0" offset="0" sl="69" sc="35" el="69" ec="57" bec="0" bev="0" fileid="2">
                  <TrackedMethodRefs>
                    <TrackedMethodRef uid="11" vc="1" />
                  </TrackedMethodRefs>
                </SequencePoint>
              </SequencePoints>
              <BranchPoints />
              <MethodPoint xsi:type="SequencePoint" vc="1" uspid="102" ordinal="0" offset="0" sl="69" sc="35" el="69" ec="57" bec="0" bev="0" fileid="2">
                <TrackedMethodRefs>
                  <TrackedMethodRef uid="11" vc="1" />
                </TrackedMethodRefs>
              </MethodPoint>
            </Method>
          </Methods>
        </Class>
        <Class>
          <Summary numSequencePoints="0" visitedSequencePoints="0" numBranchPoints="0" visitedBranchPoints="0" sequenceCoverage="0" branchCoverage="0" maxCyclomaticComplexity="1" minCyclomaticComplexity="1" maxCrapScore="2" minCrapScore="2" visitedClasses="0" numClasses="0" visitedMethods="0" numMethods="0" />
          <FullName>ControleDeSalas.Application.Test.Features.Salas.SalaServiceTests/&lt;&gt;c</FullName>
          <Methods>
            <Method visited="false" cyclomaticComplexity="1" nPathComplexity="0" sequenceCoverage="0" branchCoverage="0" crapScore="2" isConstructor="true" isStatic="true" isGetter="false" isSetter="false">
              <Summary numSequencePoints="0" visitedSequencePoints="0" numBranchPoints="0" visitedBranchPoints="0" sequenceCoverage="0" branchCoverage="0" maxCyclomaticComplexity="1" minCyclomaticComplexity="1" maxCrapScore="2" minCrapScore="2" visitedClasses="0" numClasses="0" visitedMethods="0" numMethods="0" />
              <MetadataToken>100663332</MetadataToken>
              <Name>System.Void ControleDeSalas.Application.Test.Features.Salas.SalaServiceTests/&lt;&gt;c::.cctor()</Name>
              <SequencePoints />
              <BranchPoints />
              <MethodPoint vc="0" uspid="103" ordinal="0" offset="0" />
            </Method>
            <Method visited="false" cyclomaticComplexity="1" nPathComplexity="0" sequenceCoverage="0" branchCoverage="0" crapScore="2" isConstructor="true" isStatic="false" isGetter="false" isSetter="false">
              <Summary numSequencePoints="0" visitedSequencePoints="0" numBranchPoints="0" visitedBranchPoints="0" sequenceCoverage="0" branchCoverage="0" maxCyclomaticComplexity="1" minCyclomaticComplexity="1" maxCrapScore="2" minCrapScore="2" visitedClasses="0" numClasses="0" visitedMethods="0" numMethods="0" />
              <MetadataToken>100663333</MetadataToken>
              <Name>System.Void ControleDeSalas.Application.Test.Features.Salas.SalaServiceTests/&lt;&gt;c::.ctor()</Name>
              <SequencePoints />
              <BranchPoints />
              <MethodPoint vc="0" uspid="104" ordinal="0" offset="0" />
            </Method>
          </Methods>
        </Class>
        <Class>
          <Summary numSequencePoints="49" visitedSequencePoints="49" numBranchPoints="10" visitedBranchPoints="10" sequenceCoverage="100" branchCoverage="100" maxCyclomaticComplexity="1" minCyclomaticComplexity="1" maxCrapScore="2" minCrapScore="1" visitedClasses="1" numClasses="1" visitedMethods="10" numMethods="10" />
          <FullName>ControleDeSalas.Application.Test.Features.Funcionarios.FuncionarioServiceTests</FullName>
          <Methods>
            <Method visited="true" cyclomaticComplexity="1" nPathComplexity="0" sequenceCoverage="100" branchCoverage="100" crapScore="1" isConstructor="false" isStatic="false" isGetter="false" isSetter="false">
              <Summary numSequencePoints="4" visitedSequencePoints="4" numBranchPoints="1" visitedBranchPoints="1" sequenceCoverage="100" branchCoverage="100" maxCyclomaticComplexity="1" minCyclomaticComplexity="1" maxCrapScore="1" minCrapScore="1" visitedClasses="0" numClasses="0" visitedMethods="1" numMethods="1" />
              <MetadataToken>100663319</MetadataToken>
              <Name>System.Void ControleDeSalas.Application.Test.Features.Funcionarios.FuncionarioServiceTests::Initialize()</Name>
              <FileRef uid="3" />
              <SequencePoints>
                <SequencePoint vc="7" uspid="105" ordinal="0" offset="0" sl="25" sc="9" el="25" ec="10" bec="0" bev="0" fileid="3" />
                <SequencePoint vc="7" uspid="106" ordinal="1" offset="1" sl="26" sc="13" el="26" ec="62" bec="0" bev="0" fileid="3" />
                <SequencePoint vc="7" uspid="107" ordinal="2" offset="12" sl="27" sc="13" el="27" ec="67" bec="0" bev="0" fileid="3" />
                <SequencePoint vc="7" uspid="108" ordinal="3" offset="34" sl="28" sc="9" el="28" ec="10" bec="0" bev="0" fileid="3" />
              </SequencePoints>
              <BranchPoints />
              <MethodPoint xsi:type="SequencePoint" vc="7" uspid="105" ordinal="0" offset="0" sl="25" sc="9" el="25" ec="10" bec="0" bev="0" fileid="3" />
            </Method>
            <Method visited="true" cyclomaticComplexity="1" nPathComplexity="0" sequenceCoverage="100" branchCoverage="100" crapScore="1" isConstructor="false" isStatic="false" isGetter="false" isSetter="false">
              <Summary numSequencePoints="6" visitedSequencePoints="6" numBranchPoints="1" visitedBranchPoints="1" sequenceCoverage="100" branchCoverage="100" maxCyclomaticComplexity="1" minCyclomaticComplexity="1" maxCrapScore="1" minCrapScore="1" visitedClasses="0" numClasses="0" visitedMethods="1" numMethods="1" />
              <MetadataToken>100663320</MetadataToken>
              <Name>System.Void ControleDeSalas.Application.Test.Features.Funcionarios.FuncionarioServiceTests::Service_Funcionario_Deveria_Adicionar_Funcionario_Corretamente()</Name>
              <FileRef uid="3" />
              <SequencePoints>
                <SequencePoint vc="1" uspid="109" ordinal="0" offset="0" sl="32" sc="9" el="32" ec="10" bec="0" bev="0" fileid="3">
                  <TrackedMethodRefs>
                    <TrackedMethodRef uid="15" vc="1" />
                  </TrackedMethodRefs>
                </SequencePoint>
                <SequencePoint vc="1" uspid="110" ordinal="1" offset="1" sl="33" sc="13" el="33" ec="58" bec="0" bev="0" fileid="3">
                  <TrackedMethodRefs>
                    <TrackedMethodRef uid="15" vc="1" />
                  </TrackedMethodRefs>
                </SequencePoint>
                <SequencePoint vc="1" uspid="111" ordinal="2" offset="12" sl="34" sc="13" el="42" ec="20" bec="0" bev="0" fileid="3">
                  <TrackedMethodRefs>
                    <TrackedMethodRef uid="15" vc="1" />
                  </TrackedMethodRefs>
                </SequencePoint>
                <SequencePoint vc="1" uspid="112" ordinal="3" offset="189" sl="43" sc="13" el="43" ec="46" bec="0" bev="0" fileid="3">
                  <TrackedMethodRefs>
                    <TrackedMethodRef uid="15" vc="1" />
                  </TrackedMethodRefs>
                </SequencePoint>
                <SequencePoint vc="1" uspid="113" ordinal="4" offset="207" sl="44" sc="13" el="44" ec="64" bec="0" bev="0" fileid="3">
                  <TrackedMethodRefs>
                    <TrackedMethodRef uid="15" vc="1" />
                  </TrackedMethodRefs>
                </SequencePoint>
                <SequencePoint vc="1" uspid="114" ordinal="5" offset="321" sl="45" sc="9" el="45" ec="10" bec="0" bev="0" fileid="3">
                  <TrackedMethodRefs>
                    <TrackedMethodRef uid="15" vc="1" />
                  </TrackedMethodRefs>
                </SequencePoint>
              </SequencePoints>
              <BranchPoints />
              <MethodPoint xsi:type="SequencePoint" vc="1" uspid="109" ordinal="0" offset="0" sl="32" sc="9" el="32" ec="10" bec="0" bev="0" fileid="3">
                <TrackedMethodRefs>
                  <TrackedMethodRef uid="15" vc="1" />
                </TrackedMethodRefs>
              </MethodPoint>
            </Method>
            <Method visited="true" cyclomaticComplexity="1" nPathComplexity="0" sequenceCoverage="100" branchCoverage="100" crapScore="1" isConstructor="false" isStatic="false" isGetter="false" isSetter="false">
              <Summary numSequencePoints="6" visitedSequencePoints="6" numBranchPoints="1" visitedBranchPoints="1" sequenceCoverage="100" branchCoverage="100" maxCyclomaticComplexity="1" minCyclomaticComplexity="1" maxCrapScore="1" minCrapScore="1" visitedClasses="0" numClasses="0" visitedMethods="1" numMethods="1" />
              <MetadataToken>100663321</MetadataToken>
              <Name>System.Void ControleDeSalas.Application.Test.Features.Funcionarios.FuncionarioServiceTests::Service_Funcionario_Nao_Deveria_Adicionar_Funcionario_Com_Nome_Menor_Que_Quatro_Caracteres()</Name>
              <FileRef uid="3" />
              <SequencePoints>
                <SequencePoint vc="1" uspid="115" ordinal="0" offset="0" sl="49" sc="9" el="49" ec="10" bec="0" bev="0" fileid="3">
                  <TrackedMethodRefs>
                    <TrackedMethodRef uid="16" vc="1" />
                  </TrackedMethodRefs>
                </SequencePoint>
                <SequencePoint vc="1" uspid="116" ordinal="1" offset="1" sl="50" sc="13" el="50" ec="86" bec="0" bev="0" fileid="3">
                  <TrackedMethodRefs>
                    <TrackedMethodRef uid="16" vc="1" />
                  </TrackedMethodRefs>
                </SequencePoint>
                <SequencePoint vc="1" uspid="117" ordinal="2" offset="12" sl="51" sc="13" el="51" ec="68" bec="0" bev="0" fileid="3">
                  <TrackedMethodRefs>
                    <TrackedMethodRef uid="16" vc="1" />
                  </TrackedMethodRefs>
                </SequencePoint>
                <SequencePoint vc="1" uspid="118" ordinal="3" offset="25" sl="52" sc="13" el="52" ec="64" bec="0" bev="0" fileid="3">
                  <TrackedMethodRefs>
                    <TrackedMethodRef uid="16" vc="1" />
                  </TrackedMethodRefs>
                </SequencePoint>
                <SequencePoint vc="1" uspid="119" ordinal="4" offset="47" sl="53" sc="13" el="53" ec="46" bec="0" bev="0" fileid="3">
                  <TrackedMethodRefs>
                    <TrackedMethodRef uid="16" vc="1" />
                  </TrackedMethodRefs>
                </SequencePoint>
                <SequencePoint vc="1" uspid="120" ordinal="5" offset="59" sl="54" sc="9" el="54" ec="10" bec="0" bev="0" fileid="3">
                  <TrackedMethodRefs>
                    <TrackedMethodRef uid="16" vc="1" />
                  </TrackedMethodRefs>
                </SequencePoint>
              </SequencePoints>
              <BranchPoints />
              <MethodPoint xsi:type="SequencePoint" vc="1" uspid="115" ordinal="0" offset="0" sl="49" sc="9" el="49" ec="10" bec="0" bev="0" fileid="3">
                <TrackedMethodRefs>
                  <TrackedMethodRef uid="16" vc="1" />
                </TrackedMethodRefs>
              </MethodPoint>
            </Method>
            <Method visited="true" cyclomaticComplexity="1" nPathComplexity="0" sequenceCoverage="100" branchCoverage="100" crapScore="1" isConstructor="false" isStatic="false" isGetter="false" isSetter="false">
              <Summary numSequencePoints="6" visitedSequencePoints="6" numBranchPoints="1" visitedBranchPoints="1" sequenceCoverage="100" branchCoverage="100" maxCyclomaticComplexity="1" minCyclomaticComplexity="1" maxCrapScore="1" minCrapScore="1" visitedClasses="0" numClasses="0" visitedMethods="1" numMethods="1" />
              <MetadataToken>100663322</MetadataToken>
              <Name>System.Void ControleDeSalas.Application.Test.Features.Funcionarios.FuncionarioServiceTests::Service_Funcionario_Deveria_Editar_Funcionario_Corretamente()</Name>
              <FileRef uid="3" />
              <SequencePoints>
                <SequencePoint vc="1" uspid="121" ordinal="0" offset="0" sl="58" sc="9" el="58" ec="10" bec="0" bev="0" fileid="3">
                  <TrackedMethodRefs>
                    <TrackedMethodRef uid="17" vc="1" />
                  </TrackedMethodRefs>
                </SequencePoint>
                <SequencePoint vc="1" uspid="122" ordinal="1" offset="1" sl="59" sc="13" el="59" ec="63" bec="0" bev="0" fileid="3">
                  <TrackedMethodRefs>
                    <TrackedMethodRef uid="17" vc="1" />
                  </TrackedMethodRefs>
                </SequencePoint>
                <SequencePoint vc="1" uspid="123" ordinal="2" offset="12" sl="60" sc="13" el="61" ec="64" bec="0" bev="0" fileid="3">
                  <TrackedMethodRefs>
                    <TrackedMethodRef uid="17" vc="1" />
                  </TrackedMethodRefs>
                </SequencePoint>
                <SequencePoint vc="1" uspid="124" ordinal="3" offset="121" sl="62" sc="13" el="62" ec="43" bec="0" bev="0" fileid="3">
                  <TrackedMethodRefs>
                    <TrackedMethodRef uid="17" vc="1" />
                  </TrackedMethodRefs>
                </SequencePoint>
                <SequencePoint vc="1" uspid="125" ordinal="4" offset="139" sl="63" sc="13" el="63" ec="61" bec="0" bev="0" fileid="3">
                  <TrackedMethodRefs>
                    <TrackedMethodRef uid="17" vc="1" />
                  </TrackedMethodRefs>
                </SequencePoint>
                <SequencePoint vc="1" uspid="126" ordinal="5" offset="253" sl="64" sc="9" el="64" ec="10" bec="0" bev="0" fileid="3">
                  <TrackedMethodRefs>
                    <TrackedMethodRef uid="17" vc="1" />
                  </TrackedMethodRefs>
                </SequencePoint>
              </SequencePoints>
              <BranchPoints />
              <MethodPoint xsi:type="SequencePoint" vc="1" uspid="121" ordinal="0" offset="0" sl="58" sc="9" el="58" ec="10" bec="0" bev="0" fileid="3">
                <TrackedMethodRefs>
                  <TrackedMethodRef uid="17" vc="1" />
                </TrackedMethodRefs>
              </MethodPoint>
            </Method>
            <Method visited="true" cyclomaticComplexity="1" nPathComplexity="0" sequenceCoverage="100" branchCoverage="100" crapScore="1" isConstructor="false" isStatic="false" isGetter="false" isSetter="false">
              <Summary numSequencePoints="6" visitedSequencePoints="6" numBranchPoints="1" visitedBranchPoints="1" sequenceCoverage="100" branchCoverage="100" maxCyclomaticComplexity="1" minCyclomaticComplexity="1" maxCrapScore="1" minCrapScore="1" visitedClasses="0" numClasses="0" visitedMethods="1" numMethods="1" />
              <MetadataToken>100663323</MetadataToken>
              <Name>System.Void ControleDeSalas.Application.Test.Features.Funcionarios.FuncionarioServiceTests::Service_Funcionario_Nao_Deveria_Editar_Funcionario_Com_Nome_Menor_Que_Quatro_Caracteres()</Name>
              <FileRef uid="3" />
              <SequencePoints>
                <SequencePoint vc="1" uspid="127" ordinal="0" offset="0" sl="68" sc="9" el="68" ec="10" bec="0" bev="0" fileid="3">
                  <TrackedMethodRefs>
                    <TrackedMethodRef uid="18" vc="1" />
                  </TrackedMethodRefs>
                </SequencePoint>
                <SequencePoint vc="1" uspid="128" ordinal="1" offset="1" sl="69" sc="13" el="69" ec="86" bec="0" bev="0" fileid="3">
                  <TrackedMethodRefs>
                    <TrackedMethodRef uid="18" vc="1" />
                  </TrackedMethodRefs>
                </SequencePoint>
                <SequencePoint vc="1" uspid="129" ordinal="2" offset="12" sl="70" sc="13" el="70" ec="65" bec="0" bev="0" fileid="3">
                  <TrackedMethodRefs>
                    <TrackedMethodRef uid="18" vc="1" />
                  </TrackedMethodRefs>
                </SequencePoint>
                <SequencePoint vc="1" uspid="130" ordinal="3" offset="25" sl="71" sc="13" el="71" ec="64" bec="0" bev="0" fileid="3">
                  <TrackedMethodRefs>
                    <TrackedMethodRef uid="18" vc="1" />
                  </TrackedMethodRefs>
                </SequencePoint>
                <SequencePoint vc="1" uspid="131" ordinal="4" offset="47" sl="72" sc="13" el="72" ec="46" bec="0" bev="0" fileid="3">
                  <TrackedMethodRefs>
                    <TrackedMethodRef uid="18" vc="1" />
                  </TrackedMethodRefs>
                </SequencePoint>
                <SequencePoint vc="1" uspid="132" ordinal="5" offset="59" sl="73" sc="9" el="73" ec="10" bec="0" bev="0" fileid="3">
                  <TrackedMethodRefs>
                    <TrackedMethodRef uid="18" vc="1" />
                  </TrackedMethodRefs>
                </SequencePoint>
              </SequencePoints>
              <BranchPoints />
              <MethodPoint xsi:type="SequencePoint" vc="1" uspid="127" ordinal="0" offset="0" sl="68" sc="9" el="68" ec="10" bec="0" bev="0" fileid="3">
                <TrackedMethodRefs>
                  <TrackedMethodRef uid="18" vc="1" />
                </TrackedMethodRefs>
              </MethodPoint>
            </Method>
            <Method visited="true" cyclomaticComplexity="1" nPathComplexity="0" sequenceCoverage="100" branchCoverage="100" crapScore="1" isConstructor="false" isStatic="false" isGetter="false" isSetter="false">
              <Summary numSequencePoints="6" visitedSequencePoints="6" numBranchPoints="1" visitedBranchPoints="1" sequenceCoverage="100" branchCoverage="100" maxCyclomaticComplexity="1" minCyclomaticComplexity="1" maxCrapScore="1" minCrapScore="1" visitedClasses="0" numClasses="0" visitedMethods="1" numMethods="1" />
              <MetadataToken>100663324</MetadataToken>
              <Name>System.Void ControleDeSalas.Application.Test.Features.Funcionarios.FuncionarioServiceTests::Service_Funcionario_Deveria_Excluir_Funcionario_Corretamente()</Name>
              <FileRef uid="3" />
              <SequencePoints>
                <SequencePoint vc="1" uspid="133" ordinal="0" offset="0" sl="77" sc="9" el="77" ec="10" bec="0" bev="0" fileid="3">
                  <TrackedMethodRefs>
                    <TrackedMethodRef uid="19" vc="1" />
                  </TrackedMethodRefs>
                </SequencePoint>
                <SequencePoint vc="1" uspid="134" ordinal="1" offset="1" sl="78" sc="13" el="78" ec="63" bec="0" bev="0" fileid="3">
                  <TrackedMethodRefs>
                    <TrackedMethodRef uid="19" vc="1" />
                  </TrackedMethodRefs>
                </SequencePoint>
                <SequencePoint vc="1" uspid="135" ordinal="2" offset="12" sl="79" sc="13" el="80" ec="57" bec="0" bev="0" fileid="3">
                  <TrackedMethodRefs>
                    <TrackedMethodRef uid="19" vc="1" />
                  </TrackedMethodRefs>
                </SequencePoint>
                <SequencePoint vc="1" uspid="136" ordinal="3" offset="121" sl="81" sc="13" el="81" ec="44" bec="0" bev="0" fileid="3">
                  <TrackedMethodRefs>
                    <TrackedMethodRef uid="19" vc="1" />
                  </TrackedMethodRefs>
                </SequencePoint>
                <SequencePoint vc="1" uspid="137" ordinal="4" offset="139" sl="82" sc="13" el="82" ec="65" bec="0" bev="0" fileid="3">
                  <TrackedMethodRefs>
                    <TrackedMethodRef uid="19" vc="1" />
                  </TrackedMethodRefs>
                </SequencePoint>
                <SequencePoint vc="1" uspid="138" ordinal="5" offset="268" sl="83" sc="9" el="83" ec="10" bec="0" bev="0" fileid="3">
                  <TrackedMethodRefs>
                    <TrackedMethodRef uid="19" vc="1" />
                  </TrackedMethodRefs>
                </SequencePoint>
              </SequencePoints>
              <BranchPoints />
              <MethodPoint xsi:type="SequencePoint" vc="1" uspid="133" ordinal="0" offset="0" sl="77" sc="9" el="77" ec="10" bec="0" bev="0" fileid="3">
                <TrackedMethodRefs>
                  <TrackedMethodRef uid="19" vc="1" />
                </TrackedMethodRefs>
              </MethodPoint>
            </Method>
            <Method visited="true" cyclomaticComplexity="1" nPathComplexity="0" sequenceCoverage="100" branchCoverage="100" crapScore="1" isConstructor="false" isStatic="false" isGetter="false" isSetter="false">
              <Summary numSequencePoints="6" visitedSequencePoints="6" numBranchPoints="1" visitedBranchPoints="1" sequenceCoverage="100" branchCoverage="100" maxCyclomaticComplexity="1" minCyclomaticComplexity="1" maxCrapScore="1" minCrapScore="1" visitedClasses="0" numClasses="0" visitedMethods="1" numMethods="1" />
              <MetadataToken>100663325</MetadataToken>
              <Name>System.Void ControleDeSalas.Application.Test.Features.Funcionarios.FuncionarioServiceTests::Service_Funcionario_Deveria_Pegar_Funcionario_Por_Id_Corretamente()</Name>
              <FileRef uid="3" />
              <SequencePoints>
                <SequencePoint vc="1" uspid="139" ordinal="0" offset="0" sl="87" sc="9" el="87" ec="10" bec="0" bev="0" fileid="3">
                  <TrackedMethodRefs>
                    <TrackedMethodRef uid="20" vc="1" />
                  </TrackedMethodRefs>
                </SequencePoint>
[...]
                  <TrackedMethodRefs>
                    <TrackedMethodRef uid="32" vc="1" />
                  </TrackedMethodRefs>
                </SequencePoint>
              </SequencePoints>
              <BranchPoints />
              <MethodPoint xsi:type="SequencePoint" vc="1" uspid="367" ordinal="0" offset="0" sl="37" sc="9" el="37" ec="10" bec="0" bev="0" fileid="39">
                <TrackedMethodRefs>
                  <TrackedMethodRef uid="32" vc="1" />
                </TrackedMethodRefs>
              </MethodPoint>
            </Method>
            <Method visited="true" cyclomaticComplexity="1" nPathComplexity="0" sequenceCoverage="100" branchCoverage="100" crapScore="1" isConstructor="false" isStatic="false" isGetter="false" isSetter="false">
              <Summary numSequencePoints="5" visitedSequencePoints="5" numBranchPoints="1" visitedBranchPoints="1" sequenceCoverage="100" branchCoverage="100" maxCyclomaticComplexity="1" minCyclomaticComplexity="1" maxCrapScore="1" minCrapScore="1" visitedClasses="0" numClasses="0" visitedMethods="1" numMethods="1" />
              <MetadataToken>100663316</MetadataToken>
              <Name>System.Void ControleDeSalas.Domain.Test.Feature.Funcionarios.FuncionarioTests::Domain_Funcionario_Nao_Deveria_Aceitar_Ramal_Menor_Que_Zero()</Name>
              <FileRef uid="39" />
              <SequencePoints>
                <SequencePoint vc="1" uspid="372" ordinal="0" offset="0" sl="45" sc="9" el="45" ec="10" bec="0" bev="0" fileid="39">
                  <TrackedMethodRefs>
                    <TrackedMethodRef uid="33" vc="1" />
                  </TrackedMethodRefs>
                </SequencePoint>
                <SequencePoint vc="1" uspid="373" ordinal="1" offset="1" sl="46" sc="13" el="46" ec="75" bec="0" bev="0" fileid="39">
                  <TrackedMethodRefs>
                    <TrackedMethodRef uid="33" vc="1" />
                  </TrackedMethodRefs>
                </SequencePoint>
                <SequencePoint vc="1" uspid="374" ordinal="2" offset="12" sl="47" sc="13" el="47" ec="58" bec="0" bev="0" fileid="39">
                  <TrackedMethodRefs>
                    <TrackedMethodRef uid="33" vc="1" />
                  </TrackedMethodRefs>
                </SequencePoint>
                <SequencePoint vc="1" uspid="375" ordinal="3" offset="25" sl="48" sc="13" el="48" ec="61" bec="0" bev="0" fileid="39">
                  <TrackedMethodRefs>
                    <TrackedMethodRef uid="33" vc="1" />
                  </TrackedMethodRefs>
                </SequencePoint>
                <SequencePoint vc="1" uspid="376" ordinal="4" offset="47" sl="49" sc="9" el="49" ec="10" bec="0" bev="0" fileid="39">
                  <TrackedMethodRefs>
                    <TrackedMethodRef uid="33" vc="1" />
                  </TrackedMethodRefs>
                </SequencePoint>
              </SequencePoints>
              <BranchPoints />
              <MethodPoint xsi:type="SequencePoint" vc="1" uspid="372" ordinal="0" offset="0" sl="45" sc="9" el="45" ec="10" bec="0" bev="0" fileid="39">
                <TrackedMethodRefs>
                  <TrackedMethodRef uid="33" vc="1" />
                </TrackedMethodRefs>
              </MethodPoint>
            </Method>
            <Method visited="false" cyclomaticComplexity="1" nPathComplexity="0" sequenceCoverage="0" branchCoverage="0" crapScore="2" isConstructor="true" isStatic="false" isGetter="false" isSetter="false">
              <Summary numSequencePoints="0" visitedSequencePoints="0" numBranchPoints="0" visitedBranchPoints="0" sequenceCoverage="0" branchCoverage="0" maxCyclomaticComplexity="1" minCyclomaticComplexity="1" maxCrapScore="2" minCrapScore="2" visitedClasses="0" numClasses="0" visitedMethods="0" numMethods="0" />
              <MetadataToken>100663317</MetadataToken>
              <Name>System.Void ControleDeSalas.Domain.Test.Feature.Funcionarios.FuncionarioTests::.ctor()</Name>
              <SequencePoints />
              <BranchPoints />
              <MethodPoint vc="0" uspid="377" ordinal="0" offset="0" />
            </Method>
            <Method visited="true" cyclomaticComplexity="1" nPathComplexity="0" sequenceCoverage="100" branchCoverage="100" crapScore="1" isConstructor="false" isStatic="false" isGetter="false" isSetter="false">
              <Summary numSequencePoints="1" visitedSequencePoints="1" numBranchPoints="1" visitedBranchPoints="1" sequenceCoverage="100" branchCoverage="100" maxCyclomaticComplexity="1" minCyclomaticComplexity="1" maxCrapScore="1" minCrapScore="1" visitedClasses="0" numClasses="0" visitedMethods="1" numMethods="1" />
              <MetadataToken>100663318</MetadataToken>
              <Name>System.Void ControleDeSalas.Domain.Test.Feature.Funcionarios.FuncionarioTests::&lt;Domain_Funcionario_Nao_Deveria_Aceitar_Nome_Com_Menos_De_Quatro_Caracteres&gt;b__2_0()</Name>
              <FileRef uid="39" />
              <SequencePoints>
                <SequencePoint vc="1" uspid="378" ordinal="0" offset="0" sl="31" sc="35" el="31" ec="57" bec="0" bev="0" fileid="39">
                  <TrackedMethodRefs>
                    <TrackedMethodRef uid="31" vc="1" />
                  </TrackedMethodRefs>
                </SequencePoint>
              </SequencePoints>
              <BranchPoints />
              <MethodPoint xsi:type="SequencePoint" vc="1" uspid="378" ordinal="0" offset="0" sl="31" sc="35" el="31" ec="57" bec="0" bev="0" fileid="39">
                <TrackedMethodRefs>
                  <TrackedMethodRef uid="31" vc="1" />
                </TrackedMethodRefs>
              </MethodPoint>
            </Method>
            <Method visited="true" cyclomaticComplexity="1" nPathComplexity="0" sequenceCoverage="100" branchCoverage="100" crapScore="1" isConstructor="false" isStatic="false" isGetter="false" isSetter="false">
              <Summary numSequencePoints="1" visitedSequencePoints="1" numBranchPoints="1" visitedBranchPoints="1" sequenceCoverage="100" branchCoverage="100" maxCyclomaticComplexity="1" minCyclomaticComplexity="1" maxCrapScore="1" minCrapScore="1" visitedClasses="0" numClasses="0" visitedMethods="1" numMethods="1" />
              <MetadataToken>100663319</MetadataToken>
              <Name>System.Void ControleDeSalas.Domain.Test.Feature.Funcionarios.FuncionarioTests::&lt;Domain_Funcionario_Nao_Deveria_Aceitar_Cargo_Com_Menos_De_Quatro_Caracteres&gt;b__3_0()</Name>
              <FileRef uid="39" />
              <SequencePoints>
                <SequencePoint vc="1" uspid="379" ordinal="0" offset="0" sl="39" sc="35" el="39" ec="57" bec="0" bev="0" fileid="39">
                  <TrackedMethodRefs>
                    <TrackedMethodRef uid="32" vc="1" />
                  </TrackedMethodRefs>
                </SequencePoint>
              </SequencePoints>
              <BranchPoints />
              <MethodPoint xsi:type="SequencePoint" vc="1" uspid="379" ordinal="0" offset="0" sl="39" sc="35" el="39" ec="57" bec="0" bev="0" fileid="39">
                <TrackedMethodRefs>
                  <TrackedMethodRef uid="32" vc="1" />
                </TrackedMethodRefs>
              </MethodPoint>
            </Method>
            <Method visited="true" cyclomaticComplexity="1" nPathComplexity="0" sequenceCoverage="100" branchCoverage="100" crapScore="1" isConstructor="false" isStatic="false" isGetter="false" isSetter="false">
              <Summary numSequencePoints="1" visitedSequencePoints="1" numBranchPoints="1" visitedBranchPoints="1" sequenceCoverage="100" branchCoverage="100" maxCyclomaticComplexity="1" minCyclomaticComplexity="1" maxCrapScore="1" minCrapScore="1" visitedClasses="0" numClasses="0" visitedMethods="1" numMethods="1" />
              <MetadataToken>100663320</MetadataToken>
              <Name>System.Void ControleDeSalas.Domain.Test.Feature.Funcionarios.FuncionarioTests::&lt;Domain_Funcionario_Nao_Deveria_Aceitar_Ramal_Menor_Que_Zero&gt;b__4_0()</Name>
              <FileRef uid="39" />
              <SequencePoints>
                <SequencePoint vc="1" uspid="380" ordinal="0" offset="0" sl="47" sc="35" el="47" ec="57" bec="0" bev="0" fileid="39">
                  <TrackedMethodRefs>
                    <TrackedMethodRef uid="33" vc="1" />
                  </TrackedMethodRefs>
                </SequencePoint>
              </SequencePoints>
              <BranchPoints />
              <MethodPoint xsi:type="SequencePoint" vc="1" uspid="380" ordinal="0" offset="0" sl="47" sc="35" el="47" ec="57" bec="0" bev="0" fileid="39">
                <TrackedMethodRefs>
                  <TrackedMethodRef uid="33" vc="1" />
                </TrackedMethodRefs>
              </MethodPoint>
            </Method>
          </Methods>
        </Class>
      </Classes>
      <TrackedMethods>
        <TrackedMethod uid="22" token="100663297" name="System.Void ControleDeSalas.Domain.Test.Feature.Salas.SalaTests::Domain_Sala_Deveria_Passar_Corretamente()" strategy="NUnitTest" />
        <TrackedMethod uid="23" token="100663298" name="System.Void ControleDeSalas.Domain.Test.Feature.Salas.SalaTests::Domain_Sala_Nao_Deveria_Aceitar_Nome_Com_Menos_Quatro_Caracteres()" strategy="NUnitTest" />
        <TrackedMethod uid="24" token="100663299" name="System.Void ControleDeSalas.Domain.Test.Feature.Salas.SalaTests::Domain_Sala_Nao_Deveria_Aceitar_QuantidadeLugares_Menor_Ou_Igual_A_Zero()" strategy="NUnitTest" />
        <TrackedMethod uid="25" token="100663303" name="System.Void ControleDeSalas.Domain.Test.Feature.SalasReservadas.SalaReservadaTests::Domain_SalaReservada_Deveria_Passar_Corretamente()" strategy="NUnitTest" />
        <TrackedMethod uid="26" token="100663304" name="System.Void ControleDeSalas.Domain.Test.Feature.SalasReservadas.SalaReservadaTests::Domain_SalaReservada_Nao_Deveria_Aceitar_Sem_Funcionario()" strategy="NUnitTest" />
        <TrackedMethod uid="27" token="100663305" name="System.Void ControleDeSalas.Domain.Test.Feature.SalasReservadas.SalaReservadaTests::Domain_SalaReservada_Nao_Deveria_Aceitar_Sem_Sala()" strategy="NUnitTest" />
        <TrackedMethod uid="28" token="100663306" name="System.Void ControleDeSalas.Domain.Test.Feature.SalasReservadas.SalaReservadaTests::Domain_SalaReservada_Nao_Deveria_Aceitar_Data_Menor_Que_Atual()" strategy="NUnitTest" />
        <TrackedMethod uid="29" token="100663307" name="System.Void ControleDeSalas.Domain.Test.Feature.SalasReservadas.SalaReservadaTests::Domain_SalaReservada_Nao_Deveria_Aceitar_Hora_Menor_Que_Atual()" strategy="NUnitTest" />
        <TrackedMethod uid="30" token="100663313" name="System.Void ControleDeSalas.Domain.Test.Feature.Funcionarios.FuncionarioTests::Domain_Funcionario_Deveria_Passar_Corretamente()" strategy="NUnitTest" />
        <TrackedMethod uid="31" token="100663314" name="System.Void ControleDeSalas.Domain.Test.Feature.Funcionarios.FuncionarioTests::Domain_Funcionario_Nao_Deveria_Aceitar_Nome_Com_Menos_De_Quatro_Caracteres()" strategy="NUnitTest" />
        <TrackedMethod uid="32" token="100663315" name="System.Void ControleDeSalas.Domain.Test.Feature.Funcionarios.FuncionarioTests::Domain_Funcionario_Nao_Deveria_Aceitar_Cargo_Com_Menos_De_Quatro_Caracteres()" strategy="NUnitTest" />
        <TrackedMethod uid="33" token="100663316" name="System.Void ControleDeSalas.Domain.Test.Feature.Funcionarios.FuncionarioTests::Domain_Funcionario_Nao_Deveria_Aceitar_Ramal_Menor_Que_Zero()" strategy="NUnitTest" />
      </TrackedMethods>
    </Module>
    <Module hash="1F-D2-0E-F5-23-25-62-BF-40-D0-14-38-71-3D-D5-5D-99-B8-1D-EE">
      <Summary numSequencePoints="2" visitedSequencePoints="2" numBranchPoints="1" visitedBranchPoints="1" sequenceCoverage="100" branchCoverage="100" maxCyclomaticComplexity="1" minCyclomaticComplexity="1" maxCrapScore="2" minCrapScore="1" visitedClasses="1" numClasses="1" visitedMethods="1" numMethods="1" />
      <ModulePath>C:\Users\Caroline Antonello\Desktop\Academia Programador\Projetos\Reforço\ControleDeSalas\ControleDeSalas.Infra.Data.Test\bin\Debug\ControleDeSalas.Infra.Data.Test.dll</ModulePath>
      <ModuleTime>2018-05-25T00:56:46.2574884Z</ModuleTime>
      <ModuleName>ControleDeSalas.Infra.Data.Test</ModuleName>
      <Files>
        <File uid="65" fullPath="C:\Users\Caroline Antonello\Desktop\Academia Programador\Projetos\Reforço\ControleDeSalas\ControleDeSalas.Infra.Data.Test\UnitTest1.cs" />
      </Files>
      <Classes>
        <Class>
          <Summary numSequencePoints="2" visitedSequencePoints="2" numBranchPoints="1" visitedBranchPoints="1" sequenceCoverage="100" branchCoverage="100" maxCyclomaticComplexity="1" minCyclomaticComplexity="1" maxCrapScore="2" minCrapScore="1" visitedClasses="1" numClasses="1" visitedMethods="1" numMethods="1" />
          <FullName>ControleDeSalas.Infra.Data.Test.UnitTest1</FullName>
          <Methods>
            <Method visited="true" cyclomaticComplexity="1" nPathComplexity="0" sequenceCoverage="100" branchCoverage="100" crapScore="1" isConstructor="false" isStatic="false" isGetter="false" isSetter="false">
              <Summary numSequencePoints="2" visitedSequencePoints="2" numBranchPoints="1" visitedBranchPoints="1" sequenceCoverage="100" branchCoverage="100" maxCyclomaticComplexity="1" minCyclomaticComplexity="1" maxCrapScore="1" minCrapScore="1" visitedClasses="0" numClasses="0" visitedMethods="1" numMethods="1" />
              <MetadataToken>100663297</MetadataToken>
              <Name>System.Void ControleDeSalas.Infra.Data.Test.UnitTest1::TestMethod1()</Name>
              <FileRef uid="65" />
              <SequencePoints>
                <SequencePoint vc="1" uspid="500" ordinal="0" offset="0" sl="11" sc="9" el="11" ec="10" bec="0" bev="0" fileid="65">
                  <TrackedMethodRefs>
                    <TrackedMethodRef uid="34" vc="1" />
                  </TrackedMethodRefs>
                </SequencePoint>
                <SequencePoint vc="1" uspid="501" ordinal="1" offset="1" sl="12" sc="9" el="12" ec="10" bec="0" bev="0" fileid="65">
                  <TrackedMethodRefs>
                    <TrackedMethodRef uid="34" vc="1" />
                  </TrackedMethodRefs>
                </SequencePoint>
              </SequencePoints>
              <BranchPoints />
              <MethodPoint xsi:type="SequencePoint" vc="1" uspid="500" ordinal="0" offset="0" sl="11" sc="9" el="11" ec="10" bec="0" bev="0" fileid="65">
                <TrackedMethodRefs>
                  <TrackedMethodRef uid="34" vc="1" />
                </TrackedMethodRefs>
              </MethodPoint>
            </Method>
            <Method visited="false" cyclomaticComplexity="1" nPathComplexity="0" sequenceCoverage="0" branchCoverage="0" crapScore="2" isConstructor="true" isStatic="false" isGetter="false" isSetter="false">
              <Summary numSequencePoints="0" visitedSequencePoints="0" numBranchPoints="0" visitedBranchPoints="0" sequenceCoverage="0" branchCoverage="0" maxCyclomaticComplexity="1" minCyclomaticComplexity="1" maxCrapScore="2" minCrapScore="2" visitedClasses="0" numClasses="0" visitedMethods="0" numMethods="0" />
              <MetadataToken>100663298</MetadataToken>
              <Name>System.Void ControleDeSalas.Infra.Data.Test.UnitTest1::.ctor()</Name>
              <SequencePoints />
              <BranchPoints />
              <MethodPoint vc="0" uspid="502" ordinal="0" offset="0" />
            </Method>
          </Methods>
        </Class>
      </Classes>
      <TrackedMethods>
        <TrackedMethod uid="34" token="100663297" name="System.Void ControleDeSalas.Infra.Data.Test.UnitTest1::TestMethod1()" strategy="MSTestTest" />
      </TrackedMethods>
    </Module>
    <Module hash="54-3E-37-54-4F-58-67-B6-21-2A-76-03-3E-E3-73-DA-8E-19-3F-C5">
      <Summary numSequencePoints="2" visitedSequencePoints="2" numBranchPoints="1" visitedBranchPoints="1" sequenceCoverage="100" branchCoverage="100" maxCyclomaticComplexity="1" minCyclomaticComplexity="1" maxCrapScore="2" minCrapScore="1" visitedClasses="1" numClasses="1" visitedMethods="1" numMethods="1" />
      <ModulePath>C:\Users\Caroline Antonello\Desktop\Academia Programador\Projetos\Reforço\ControleDeSalas\ControleDeSalas.Integration.Test\bin\Debug\ControleDeSalas.Integration.Test.dll</ModulePath>
      <ModuleTime>2018-05-25T00:56:47.9100689Z</ModuleTime>
      <ModuleName>ControleDeSalas.Integration.Test</ModuleName>
      <Files>
        <File uid="67" fullPath="C:\Users\Caroline Antonello\Desktop\Academia Programador\Projetos\Reforço\ControleDeSalas\ControleDeSalas.Integration.Test\UnitTest1.cs" />
      </Files>
      <Classes>
        <Class>
          <Summary numSequencePoints="2" visitedSequencePoints="2" numBranchPoints="1" visitedBranchPoints="1" sequenceCoverage="100" branchCoverage="100" maxCyclomaticComplexity="1" minCyclomaticComplexity="1" maxCrapScore="2" minCrapScore="1" visitedClasses="1" numClasses="1" visitedMethods="1" numMethods="1" />
          <FullName>ControleDeSalas.Integration.Test.UnitTest1</FullName>
          <Methods>
            <Method visited="true" cyclomaticComplexity="1" nPathComplexity="0" sequenceCoverage="100" branchCoverage="100" crapScore="1" isConstructor="false" isStatic="false" isGetter="false" isSetter="false">
              <Summary numSequencePoints="2" visitedSequencePoints="2" numBranchPoints="1" visitedBranchPoints="1" sequenceCoverage="100" branchCoverage="100" maxCyclomaticComplexity="1" minCyclomaticComplexity="1" maxCrapScore="1" minCrapScore="1" visitedClasses="0" numClasses="0" visitedMethods="1" numMethods="1" />
              <MetadataToken>100663297</MetadataToken>
              <Name>System.Void ControleDeSalas.Integration.Test.UnitTest1::TestMethod1()</Name>
              <FileRef uid="67" />
              <SequencePoints>
                <SequencePoint vc="1" uspid="503" ordinal="0" offset="0" sl="11" sc="9" el="11" ec="10" bec="0" bev="0" fileid="67">
                  <TrackedMethodRefs>
                    <TrackedMethodRef uid="35" vc="1" />
                  </TrackedMethodRefs>
                </SequencePoint>
                <SequencePoint vc="1" uspid="504" ordinal="1" offset="1" sl="12" sc="9" el="12" ec="10" bec="0" bev="0" fileid="67">
                  <TrackedMethodRefs>
                    <TrackedMethodRef uid="35" vc="1" />
                  </TrackedMethodRefs>
                </SequencePoint>
              </SequencePoints>
              <BranchPoints />
              <MethodPoint xsi:type="SequencePoint" vc="1" uspid="503" ordinal="0" offset="0" sl="11" sc="9" el="11" ec="10" bec="0" bev="0" fileid="67">
                <TrackedMethodRefs>
                  <TrackedMethodRef uid="35" vc="1" />
                </TrackedMethodRefs>
              </MethodPoint>
            </Method>
            <Method visited="false" cyclomaticComplexity="1" nPathComplexity="0" sequenceCoverage="0" branchCoverage="0" crapScore="2" isConstructor="true" isStatic="false" isGetter="false" isSetter="false">
              <Summary numSequencePoints="0" visitedSequencePoints="0" numBranchPoints="0" visitedBranchPoints="0" sequenceCoverage="0" branchCoverage="0" maxCyclomaticComplexity="1" minCyclomaticComplexity="1" maxCrapScore="2" minCrapScore="2" visitedClasses="0" numClasses="0" visitedMethods="0" numMethods="0" />
              <MetadataToken>100663298</MetadataToken>
              <Name>System.Void ControleDeSalas.Integration.Test.UnitTest1::.ctor()</Name>
              <SequencePoints />
              <BranchPoints />
              <MethodPoint vc="0" uspid="505" ordinal="0" offset="0" />
            </Method>
          </Methods>
        </Class>
      </Classes>
      <TrackedMethods>
        <TrackedMethod uid="35" token="100663297" name="System.Void ControleDeSalas.Integration.Test.UnitTest1::TestMethod1()" strategy="MSTestTest" />
      </TrackedMethods>
    </Module>
  </Modules>
</CoverageSession>